

Microchip MPLAB XC8 Assembler V2.45 build 20230818022343 
                                                                                               Tue Mar 12 16:37:10 2024

Microchip MPLAB XC8 C Compiler v2.45 (Free license) build 20230818022343 Og1 
     1                           	processor	18F4550
     2                           	fnconf	rparam,??,?,0
     3                           	pagewidth 120
     4                           	opt	flic
     5                           	psect	cinit,global,reloc=2,class=CODE,delta=1
     6                           	psect	cstackCOMRAM,global,class=COMRAM,space=1,delta=1,lowdata,noexec
     7                           	psect	text0,global,reloc=2,class=CODE,delta=1
     8                           	psect	intcodelo,global,reloc=2,class=CODE,delta=1
     9                           	psect	intcode,global,reloc=2,class=CODE,delta=1
    10                           	psect	intcode_body,global,reloc=2,class=CODE,delta=1
    11                           	psect	smallconst,global,reloc=2,class=SMALLCONST,delta=1,noexec
    12                           	psect	intsave_regs,global,class=BIGRAM,space=1,delta=1,noexec
    13                           	psect	rparam,global,class=COMRAM,space=1,delta=1,noexec
    14                           	psect	temp,global,ovrld,common,class=COMRAM,space=1,delta=1
    15                           	psect	config,global,abs,ovrld,class=CONFIG,space=4,delta=1,noexec
    16   000000                     
    17                           ; Generated 23/03/2023 GMT
    18                           ; 
    19                           ; Copyright © 2023, Microchip Technology Inc. and its subsidiaries ("Microchip")
    20                           ; All rights reserved.
    21                           ; 
    22                           ; This software is developed by Microchip Technology Inc. and its subsidiaries ("Microch
      +                          ip").
    23                           ; 
    24                           ; Redistribution and use in source and binary forms, with or without modification, are
    25                           ; permitted provided that the following conditions are met:
    26                           ; 
    27                           ;     1. Redistributions of source code must retain the above copyright notice, this lis
      +                          t of
    28                           ;        conditions and the following disclaimer.
    29                           ; 
    30                           ;     2. Redistributions in binary form must reproduce the above copyright notice, this 
      +                          list
    31                           ;        of conditions and the following disclaimer in the documentation and/or other
    32                           ;        materials provided with the distribution. Publication is not required when
    33                           ;        this file is used in an embedded application.
    34                           ; 
    35                           ;     3. Microchip's name may not be used to endorse or promote products derived from th
      +                          is
    36                           ;        software without specific prior written permission.
    37                           ; 
    38                           ; THIS SOFTWARE IS PROVIDED BY MICROCHIP "AS IS" AND ANY EXPRESS OR IMPLIED WARRANTIES,
    39                           ; INCLUDING, BUT NOT LIMITED TO, THE IMPLIED WARRANTIES OF MERCHANTABILITY AND FITNESS F
      +                          OR
    40                           ; PURPOSE ARE DISCLAIMED.  IN NO EVENT SHALL MICROCHIP BE LIABLE FOR ANY DIRECT, INDIREC
      +                          T,
    41                           ; INCIDENTAL, SPECIAL, EXEMPLARY, OR CONSEQUENTIAL DAMAGES (INCLUDING BUT NOT LIMITED TO
    42                           ; PROCUREMENT OF SUBSTITUTE GOODS OR SERVICES; LOSS OF USE, DATA OR PROFITS; OR BUSINESS
    43                           ; INTERRUPTION) HOWSOEVER CAUSED AND ON ANY THEORY OF LIABILITY, WHETHER IN CONTRACT, ST
      +                          RICT
    44                           ; LIABILITY, OR TORT (INCLUDING NEGLIGENCE OR OTHERWISE) ARISING IN ANY WAY OUT OF THE U
      +                          SE OF
    45                           ; THIS SOFTWARE, EVEN IF ADVISED OF THE POSSIBILITY OF SUCH DAMAGE.
    46                           ; 
    47                           ; 
    48                           ; Code-generator required, PIC18F4550 Definitions
    49                           ; 
    50                           ; SFR Addresses
    51   000000                     _LATDbits	set	3980
    52   000000                     _LATA	set	3977
    53   000000                     _TRISA	set	3986
    54   000000                     _TRISBbits	set	3987
    55   000000                     _ADCON1bits	set	4033
    56   000000                     _RCONbits	set	4048
    57   000000                     _INTCON3bits	set	4080
    58   000000                     _TRISD	set	3989
    59   000000                     _INTCONbits	set	4082
    60   000000                     _INTCON2bits	set	4081
    61   000000                     _LATD	set	3980
    62                           
    63                           ; #config settings
    64                           
    65                           	psect	cinit
    66   000914                     __pcinit:
    67                           	callstack 0
    68   000914                     start_initialization:
    69                           	callstack 0
    70   000914                     __initialization:
    71                           	callstack 0
    72   000914                     end_of_initialization:
    73                           	callstack 0
    74   000914                     __end_of__initialization:
    75                           	callstack 0
    76   000914  900E               	bcf	int$flags,0,c	;clear compiler interrupt flag (level 1)
    77   000916  920E               	bcf	int$flags,1,c	;clear compiler interrupt flag (level 2)
    78   000918  0100               	movlb	0
    79   00091A  EF01  F004         	goto	_main	;jump to C main() function
    80                           
    81                           	psect	cstackCOMRAM
    82   000001                     __pcstackCOMRAM:
    83                           	callstack 0
    84   000001                     ??_INT_EXT_RB1:
    85   000001                     
    86                           ; 1 bytes @ 0x0
    87   000001                     	ds	2
    88   000003                     INT_EXT_RB1@i:
    89                           	callstack 0
    90                           
    91                           ; 1 bytes @ 0x2
    92   000003                     	ds	1
    93   000004                     ??_INT_EXT_RB2:
    94                           
    95                           ; 1 bytes @ 0x3
    96   000004                     	ds	5
    97   000009                     INT_EXT_RB2@i:
    98                           	callstack 0
    99                           
   100                           ; 1 bytes @ 0x8
   101   000009                     	ds	1
   102   00000A                     INT_EXT_RB2@j:
   103                           	callstack 0
   104                           
   105                           ; 1 bytes @ 0x9
   106   00000A                     	ds	1
   107   00000B                     INT_EXT_RB2@j_426:
   108                           	callstack 0
   109                           
   110                           ; 1 bytes @ 0xA
   111   00000B                     	ds	1
   112   00000C                     ??_main:
   113                           
   114                           ; 1 bytes @ 0xB
   115   00000C                     	ds	2
   116                           
   117 ;;
   118 ;;Main: autosize = 0, tempsize = 2, incstack = 0, save=0
   119 ;;
   120 ;; *************** function _main *****************
   121 ;; Defined at:
   122 ;;		line 19 in file "interrupcion_HIGH_LOW.c"
   123 ;; Parameters:    Size  Location     Type
   124 ;;		None
   125 ;; Auto vars:     Size  Location     Type
   126 ;;		None
   127 ;; Return value:  Size  Location     Type
   128 ;;                  1    wreg      void 
   129 ;; Registers used:
   130 ;;		wreg, status,2
   131 ;; Tracked objects:
   132 ;;		On entry : 0/0
   133 ;;		On exit  : 0/0
   134 ;;		Unchanged: 0/0
   135 ;; Data sizes:     COMRAM   BANK0   BANK1   BANK2   BANK3   BANK4   BANK5   BANK6   BANK7
   136 ;;      Params:         0       0       0       0       0       0       0       0       0
   137 ;;      Locals:         0       0       0       0       0       0       0       0       0
   138 ;;      Temps:          2       0       0       0       0       0       0       0       0
   139 ;;      Totals:         2       0       0       0       0       0       0       0       0
   140 ;;Total ram usage:        2 bytes
   141 ;; Hardware stack levels required when called: 2
   142 ;; This function calls:
   143 ;;		Nothing
   144 ;; This function is called by:
   145 ;;		Startup code after reset
   146 ;; This function uses a non-reentrant model
   147 ;;
   148                           
   149                           	psect	text0
   150   000802                     __ptext0:
   151                           	callstack 0
   152   000802                     _main:
   153                           	callstack 29
   154   000802                     
   155                           ;interrupcion_HIGH_LOW.c: 20:     ADCON1bits.PCFG = 0x0F;
   156   000802  0E0F               	movlw	15
   157   000804  12C1               	iorwf	193,f,c	;volatile
   158   000806                     
   159                           ;interrupcion_HIGH_LOW.c: 21:     TRISBbits.RB1 = 1;
   160   000806  8293               	bsf	147,1,c	;volatile
   161   000808                     
   162                           ;interrupcion_HIGH_LOW.c: 22:     TRISBbits.RB2 = 1;
   163   000808  8493               	bsf	147,2,c	;volatile
   164   00080A                     
   165                           ;interrupcion_HIGH_LOW.c: 24:     INTCON3bits.INT1E = 1;
   166   00080A  86F0               	bsf	240,3,c	;volatile
   167   00080C                     
   168                           ;interrupcion_HIGH_LOW.c: 25:     INTCON3bits.INT1IP = 1;
   169   00080C  8CF0               	bsf	240,6,c	;volatile
   170   00080E                     
   171                           ;interrupcion_HIGH_LOW.c: 26:     INTCON3bits.INT1IF = 0;
   172   00080E  90F0               	bcf	240,0,c	;volatile
   173   000810                     
   174                           ;interrupcion_HIGH_LOW.c: 27:     INTCON2bits.INTEDG1 = 1;
   175   000810  8AF1               	bsf	241,5,c	;volatile
   176   000812                     
   177                           ;interrupcion_HIGH_LOW.c: 29:     INTCON3bits.INT2IE = 1;
   178   000812  88F0               	bsf	240,4,c	;volatile
   179   000814                     
   180                           ;interrupcion_HIGH_LOW.c: 30:     INTCON3bits.INT2IP = 0;
   181   000814  9EF0               	bcf	240,7,c	;volatile
   182   000816                     
   183                           ;interrupcion_HIGH_LOW.c: 31:     INTCON3bits.INT2IF = 0;
   184   000816  92F0               	bcf	240,1,c	;volatile
   185   000818                     
   186                           ;interrupcion_HIGH_LOW.c: 32:     INTCON2bits.INTEDG2 = 1;
   187   000818  88F1               	bsf	241,4,c	;volatile
   188   00081A                     
   189                           ;interrupcion_HIGH_LOW.c: 34:     RCONbits.IPEN = 1;
   190   00081A  8ED0               	bsf	208,7,c	;volatile
   191   00081C                     
   192                           ;interrupcion_HIGH_LOW.c: 35:     INTCONbits.GIEH = 1;
   193   00081C  8EF2               	bsf	242,7,c	;volatile
   194   00081E                     
   195                           ;interrupcion_HIGH_LOW.c: 36:     INTCONbits.GIEL = 1;
   196   00081E  8CF2               	bsf	242,6,c	;volatile
   197                           
   198                           ;interrupcion_HIGH_LOW.c: 38:     TRISA = 0x00;
   199   000820  0E00               	movlw	0
   200   000822  6E92               	movwf	146,c	;volatile
   201                           
   202                           ;interrupcion_HIGH_LOW.c: 39:     TRISD = 0x00l;
   203   000824  0E00               	movlw	0
   204   000826  6E95               	movwf	149,c	;volatile
   205                           
   206                           ;interrupcion_HIGH_LOW.c: 40:     LATA = 0x00;
   207   000828  0E00               	movlw	0
   208   00082A  6E89               	movwf	137,c	;volatile
   209                           
   210                           ;interrupcion_HIGH_LOW.c: 41:     LATD = 0x00;
   211   00082C  0E00               	movlw	0
   212   00082E  6E8C               	movwf	140,c	;volatile
   213   000830                     l29:
   214                           
   215                           ;interrupcion_HIGH_LOW.c: 44:         LATA = 0x01;
   216   000830  0E01               	movlw	1
   217   000832  6E89               	movwf	137,c	;volatile
   218   000834                     
   219                           ;interrupcion_HIGH_LOW.c: 45:         _delay((unsigned long)((1000)*(48000000/4000.0)));
   220   000834  0E3D               	movlw	61
   221   000836  6E0D               	movwf	(??_main+1)^0,c
   222   000838  0EE1               	movlw	225
   223   00083A  6E0C               	movwf	??_main^0,c
   224   00083C  0E40               	movlw	64
   225   00083E                     u77:
   226   00083E  2EE8               	decfsz	wreg,f,c
   227   000840  D7FE               	bra	u77
   228   000842  2E0C               	decfsz	??_main^0,f,c
   229   000844  D7FC               	bra	u77
   230   000846  2E0D               	decfsz	(??_main+1)^0,f,c
   231   000848  D7FA               	bra	u77
   232   00084A                     
   233                           ;interrupcion_HIGH_LOW.c: 46:         LATA = 0x02;
   234   00084A  0E02               	movlw	2
   235   00084C  6E89               	movwf	137,c	;volatile
   236                           
   237                           ;interrupcion_HIGH_LOW.c: 47:         _delay((unsigned long)((1000)*(48000000/4000.0)));
   238   00084E  0E3D               	movlw	61
   239   000850  6E0D               	movwf	(??_main+1)^0,c
   240   000852  0EE1               	movlw	225
   241   000854  6E0C               	movwf	??_main^0,c
   242   000856  0E40               	movlw	64
   243   000858                     u87:
   244   000858  2EE8               	decfsz	wreg,f,c
   245   00085A  D7FE               	bra	u87
   246   00085C  2E0C               	decfsz	??_main^0,f,c
   247   00085E  D7FC               	bra	u87
   248   000860  2E0D               	decfsz	(??_main+1)^0,f,c
   249   000862  D7FA               	bra	u87
   250   000864                     
   251                           ;interrupcion_HIGH_LOW.c: 48:         LATA = 0x04;
   252   000864  0E04               	movlw	4
   253   000866  6E89               	movwf	137,c	;volatile
   254   000868                     
   255                           ;interrupcion_HIGH_LOW.c: 49:         _delay((unsigned long)((1000)*(48000000/4000.0)));
   256   000868  0E3D               	movlw	61
   257   00086A  6E0D               	movwf	(??_main+1)^0,c
   258   00086C  0EE1               	movlw	225
   259   00086E  6E0C               	movwf	??_main^0,c
   260   000870  0E40               	movlw	64
   261   000872                     u97:
   262   000872  2EE8               	decfsz	wreg,f,c
   263   000874  D7FE               	bra	u97
   264   000876  2E0C               	decfsz	??_main^0,f,c
   265   000878  D7FC               	bra	u97
   266   00087A  2E0D               	decfsz	(??_main+1)^0,f,c
   267   00087C  D7FA               	bra	u97
   268                           
   269                           ;interrupcion_HIGH_LOW.c: 50:         LATA = 0x08;
   270   00087E  0E08               	movlw	8
   271   000880  6E89               	movwf	137,c	;volatile
   272   000882                     
   273                           ;interrupcion_HIGH_LOW.c: 51:         _delay((unsigned long)((1000)*(48000000/4000.0)));
   274   000882  0E3D               	movlw	61
   275   000884  6E0D               	movwf	(??_main+1)^0,c
   276   000886  0EE1               	movlw	225
   277   000888  6E0C               	movwf	??_main^0,c
   278   00088A  0E40               	movlw	64
   279   00088C                     u107:
   280   00088C  2EE8               	decfsz	wreg,f,c
   281   00088E  D7FE               	bra	u107
   282   000890  2E0C               	decfsz	??_main^0,f,c
   283   000892  D7FC               	bra	u107
   284   000894  2E0D               	decfsz	(??_main+1)^0,f,c
   285   000896  D7FA               	bra	u107
   286   000898  EF18  F004         	goto	l29
   287   00089C  EF7C  F000         	goto	start
   288   0008A0                     __end_of_main:
   289                           	callstack 0
   290                           
   291 ;; *************** function _INT_EXT_RB2 *****************
   292 ;; Defined at:
   293 ;;		line 78 in file "interrupcion_HIGH_LOW.c"
   294 ;; Parameters:    Size  Location     Type
   295 ;;		None
   296 ;; Auto vars:     Size  Location     Type
   297 ;;  j               1   10[COMRAM] unsigned char 
   298 ;;  j               1    9[COMRAM] unsigned char 
   299 ;;  i               1    8[COMRAM] unsigned char 
   300 ;; Return value:  Size  Location     Type
   301 ;;                  1    wreg      void 
   302 ;; Registers used:
   303 ;;		wreg, status,2, status,0
   304 ;; Tracked objects:
   305 ;;		On entry : 0/0
   306 ;;		On exit  : 0/0
   307 ;;		Unchanged: 0/0
   308 ;; Data sizes:     COMRAM   BANK0   BANK1   BANK2   BANK3   BANK4   BANK5   BANK6   BANK7
   309 ;;      Params:         0       0       0       0       0       0       0       0       0
   310 ;;      Locals:         3       0       0       0       0       0       0       0       0
   311 ;;      Temps:          5       0       0       0       0       0       0       0       0
   312 ;;      Totals:         8       0       0       0       0       0       0       0       0
   313 ;;Total ram usage:        8 bytes
   314 ;; Hardware stack levels used: 1
   315 ;; Hardware stack levels required when called: 1
   316 ;; This function calls:
   317 ;;		Nothing
   318 ;; This function is called by:
   319 ;;		Interrupt level 1
   320 ;; This function uses a non-reentrant model
   321 ;;
   322                           
   323                           	psect	intcodelo
   324   000018                     __pintcodelo:
   325                           	callstack 0
   326   000018                     _INT_EXT_RB2:
   327                           	callstack 29
   328                           
   329                           ;incstack = 0
   330   000018  800E               	bsf	int$flags,0,c	;set compiler interrupt flag (level 1)
   331   00001A  CFD8 F006          	movff	status,??_INT_EXT_RB2+2
   332   00001E  CFE8 F007          	movff	wreg,??_INT_EXT_RB2+3
   333   000022  CFE0 F008          	movff	bsr,??_INT_EXT_RB2+4
   334   000026                     
   335                           ;interrupcion_HIGH_LOW.c: 79:     if (INTCON3bits.INT2IF == 1) {
   336   000026  A2F0               	btfss	240,1,c	;volatile
   337   000028  EF18  F000         	goto	i1u3_21
   338   00002C  EF1A  F000         	goto	i1u3_20
   339   000030                     i1u3_21:
   340   000030  EF74  F000         	goto	i1l52
   341   000034                     i1u3_20:
   342   000034                     
   343                           ;interrupcion_HIGH_LOW.c: 80:         for (char i = 0; i < 3; i++) {
   344   000034  0E00               	movlw	0
   345   000036  6E09               	movwf	INT_EXT_RB2@i^0,c
   346   000038                     i1l794:
   347                           
   348                           ;interrupcion_HIGH_LOW.c: 81:             for (char j = 0; j < 3; j++) {
   349   000038  0E00               	movlw	0
   350   00003A  6E0A               	movwf	INT_EXT_RB2@j^0,c
   351   00003C                     i1l48:
   352                           
   353                           ;interrupcion_HIGH_LOW.c: 82:                 LATDbits.LD4 = 1;
   354   00003C  888C               	bsf	140,4,c	;volatile
   355                           
   356                           ;interrupcion_HIGH_LOW.c: 83:                 LATDbits.LD5 = 1;
   357   00003E  8A8C               	bsf	140,5,c	;volatile
   358   000040                     
   359                           ;interrupcion_HIGH_LOW.c: 84:                 _delay((unsigned long)((500)*(48000000/400
      +                          0.0)));
   360   000040  0E1F               	movlw	31
   361   000042  6E05               	movwf	(??_INT_EXT_RB2+1)^0,c
   362   000044  0E71               	movlw	113
   363   000046  6E04               	movwf	??_INT_EXT_RB2^0,c
   364   000048  0E1E               	movlw	30
   365   00004A                     i1u11_27:
   366   00004A  2EE8               	decfsz	wreg,f,c
   367   00004C  D7FE               	bra	i1u11_27
   368   00004E  2E04               	decfsz	??_INT_EXT_RB2^0,f,c
   369   000050  D7FC               	bra	i1u11_27
   370   000052  2E05               	decfsz	(??_INT_EXT_RB2+1)^0,f,c
   371   000054  D7FA               	bra	i1u11_27
   372   000056  D000               	nop2	
   373   000058                     
   374                           ;interrupcion_HIGH_LOW.c: 85:                 LATDbits.LD4 = 0;
   375   000058  988C               	bcf	140,4,c	;volatile
   376   00005A                     
   377                           ;interrupcion_HIGH_LOW.c: 86:                 LATDbits.LD5 = 0;
   378   00005A  9A8C               	bcf	140,5,c	;volatile
   379                           
   380                           ;interrupcion_HIGH_LOW.c: 87:                 _delay((unsigned long)((500)*(48000000/400
      +                          0.0)));
   381   00005C  0E1F               	movlw	31
   382   00005E  6E05               	movwf	(??_INT_EXT_RB2+1)^0,c
   383   000060  0E71               	movlw	113
   384   000062  6E04               	movwf	??_INT_EXT_RB2^0,c
   385   000064  0E1E               	movlw	30
   386   000066                     i1u12_27:
   387   000066  2EE8               	decfsz	wreg,f,c
   388   000068  D7FE               	bra	i1u12_27
   389   00006A  2E04               	decfsz	??_INT_EXT_RB2^0,f,c
   390   00006C  D7FC               	bra	i1u12_27
   391   00006E  2E05               	decfsz	(??_INT_EXT_RB2+1)^0,f,c
   392   000070  D7FA               	bra	i1u12_27
   393   000072  D000               	nop2	
   394   000074                     
   395                           ;interrupcion_HIGH_LOW.c: 88:             }
   396   000074  2A0A               	incf	INT_EXT_RB2@j^0,f,c
   397   000076  0E02               	movlw	2
   398   000078  640A               	cpfsgt	INT_EXT_RB2@j^0,c
   399   00007A  EF41  F000         	goto	i1u4_21
   400   00007E  EF43  F000         	goto	i1u4_20
   401   000082                     i1u4_21:
   402   000082  EF1E  F000         	goto	i1l48
   403   000086                     i1u4_20:
   404   000086                     
   405                           ;interrupcion_HIGH_LOW.c: 89:             for (char j = 0; j < 3; j++) {
   406   000086  0E00               	movlw	0
   407   000088  6E0B               	movwf	INT_EXT_RB2@j_426^0,c
   408   00008A                     i1l50:
   409                           
   410                           ;interrupcion_HIGH_LOW.c: 90:                 LATDbits.LD6 = 1;
   411   00008A  8C8C               	bsf	140,6,c	;volatile
   412                           
   413                           ;interrupcion_HIGH_LOW.c: 91:                 LATDbits.LD7 = 1;
   414   00008C  8E8C               	bsf	140,7,c	;volatile
   415   00008E                     
   416                           ;interrupcion_HIGH_LOW.c: 92:                 _delay((unsigned long)((500)*(48000000/400
      +                          0.0)));
   417   00008E  0E1F               	movlw	31
   418   000090  6E05               	movwf	(??_INT_EXT_RB2+1)^0,c
   419   000092  0E71               	movlw	113
   420   000094  6E04               	movwf	??_INT_EXT_RB2^0,c
   421   000096  0E1E               	movlw	30
   422   000098                     i1u13_27:
   423   000098  2EE8               	decfsz	wreg,f,c
   424   00009A  D7FE               	bra	i1u13_27
   425   00009C  2E04               	decfsz	??_INT_EXT_RB2^0,f,c
   426   00009E  D7FC               	bra	i1u13_27
   427   0000A0  2E05               	decfsz	(??_INT_EXT_RB2+1)^0,f,c
   428   0000A2  D7FA               	bra	i1u13_27
   429   0000A4  D000               	nop2	
   430   0000A6                     
   431                           ;interrupcion_HIGH_LOW.c: 93:                 LATDbits.LD6 = 0;
   432   0000A6  9C8C               	bcf	140,6,c	;volatile
   433   0000A8                     
   434                           ;interrupcion_HIGH_LOW.c: 94:                 LATDbits.LD7 = 0;
   435   0000A8  9E8C               	bcf	140,7,c	;volatile
   436                           
   437                           ;interrupcion_HIGH_LOW.c: 95:                 _delay((unsigned long)((500)*(48000000/400
      +                          0.0)));
   438   0000AA  0E1F               	movlw	31
   439   0000AC  6E05               	movwf	(??_INT_EXT_RB2+1)^0,c
   440   0000AE  0E71               	movlw	113
   441   0000B0  6E04               	movwf	??_INT_EXT_RB2^0,c
   442   0000B2  0E1E               	movlw	30
   443   0000B4                     i1u14_27:
   444   0000B4  2EE8               	decfsz	wreg,f,c
   445   0000B6  D7FE               	bra	i1u14_27
   446   0000B8  2E04               	decfsz	??_INT_EXT_RB2^0,f,c
   447   0000BA  D7FC               	bra	i1u14_27
   448   0000BC  2E05               	decfsz	(??_INT_EXT_RB2+1)^0,f,c
   449   0000BE  D7FA               	bra	i1u14_27
   450   0000C0  D000               	nop2	
   451   0000C2                     
   452                           ;interrupcion_HIGH_LOW.c: 96:             }
   453   0000C2  2A0B               	incf	INT_EXT_RB2@j_426^0,f,c
   454   0000C4  0E02               	movlw	2
   455   0000C6  640B               	cpfsgt	INT_EXT_RB2@j_426^0,c
   456   0000C8  EF68  F000         	goto	i1u5_21
   457   0000CC  EF6A  F000         	goto	i1u5_20
   458   0000D0                     i1u5_21:
   459   0000D0  EF45  F000         	goto	i1l50
   460   0000D4                     i1u5_20:
   461   0000D4                     
   462                           ;interrupcion_HIGH_LOW.c: 97:         }
   463   0000D4  2A09               	incf	INT_EXT_RB2@i^0,f,c
   464   0000D6  0E02               	movlw	2
   465   0000D8  6409               	cpfsgt	INT_EXT_RB2@i^0,c
   466   0000DA  EF71  F000         	goto	i1u6_21
   467   0000DE  EF73  F000         	goto	i1u6_20
   468   0000E2                     i1u6_21:
   469   0000E2  EF1C  F000         	goto	i1l794
   470   0000E6                     i1u6_20:
   471   0000E6                     
   472                           ;interrupcion_HIGH_LOW.c: 98:         INTCON3bits.INT2IF = 0;
   473   0000E6  92F0               	bcf	240,1,c	;volatile
   474   0000E8                     i1l52:
   475   0000E8  C008  FFE0         	movff	??_INT_EXT_RB2+4,bsr
   476   0000EC  C007  FFE8         	movff	??_INT_EXT_RB2+3,wreg
   477   0000F0  C006  FFD8         	movff	??_INT_EXT_RB2+2,status
   478   0000F4  900E               	bcf	int$flags,0,c	;clear compiler interrupt flag (level 1)
   479   0000F6  0010               	retfie	
   480   0000F8                     __end_of_INT_EXT_RB2:
   481                           	callstack 0
   482                           
   483 ;; *************** function _INT_EXT_RB1 *****************
   484 ;; Defined at:
   485 ;;		line 55 in file "interrupcion_HIGH_LOW.c"
   486 ;; Parameters:    Size  Location     Type
   487 ;;		None
   488 ;; Auto vars:     Size  Location     Type
   489 ;;  i               1    2[COMRAM] unsigned char 
   490 ;; Return value:  Size  Location     Type
   491 ;;                  1    wreg      void 
   492 ;; Registers used:
   493 ;;		wreg, status,2, status,0
   494 ;; Tracked objects:
   495 ;;		On entry : 0/0
   496 ;;		On exit  : 0/0
   497 ;;		Unchanged: 0/0
   498 ;; Data sizes:     COMRAM   BANK0   BANK1   BANK2   BANK3   BANK4   BANK5   BANK6   BANK7
   499 ;;      Params:         0       0       0       0       0       0       0       0       0
   500 ;;      Locals:         1       0       0       0       0       0       0       0       0
   501 ;;      Temps:          2       0       0       0       0       0       0       0       0
   502 ;;      Totals:         3       0       0       0       0       0       0       0       0
   503 ;;Total ram usage:        3 bytes
   504 ;; Hardware stack levels used: 1
   505 ;; This function calls:
   506 ;;		Nothing
   507 ;; This function is called by:
   508 ;;		Interrupt level 2
   509 ;; This function uses a non-reentrant model
   510 ;;
   511                           
   512                           	psect	intcode
   513   000008                     __pintcode:
   514                           	callstack 0
   515   000008                     _INT_EXT_RB1:
   516                           	callstack 29
   517                           
   518                           ;incstack = 0
   519   000008  820E               	bsf	int$flags,1,c	;set compiler interrupt flag (level 2)
   520   00000A  ED50  F004         	call	int_func,f	;refresh shadow registers
   521                           
   522                           	psect	intcode_body
   523   0008A0                     __pintcode_body:
   524                           	callstack 29
   525   0008A0                     int_func:
   526                           	callstack 29
   527   0008A0  0006               	pop		; remove dummy address from shadow register refresh
   528   0008A2                     
   529                           ;interrupcion_HIGH_LOW.c: 56:     if (INTCON3bits.INT1IF == 1) {
   530   0008A2  A0F0               	btfss	240,0,c	;volatile
   531   0008A4  EF56  F004         	goto	i2u1_41
   532   0008A8  EF58  F004         	goto	i2u1_40
   533   0008AC                     i2u1_41:
   534   0008AC  EF88  F004         	goto	i2l40
   535   0008B0                     i2u1_40:
   536   0008B0                     
   537                           ;interrupcion_HIGH_LOW.c: 57:         for (char i = 0; i < 8; i++) {
   538   0008B0  0E00               	movlw	0
   539   0008B2  6E03               	movwf	INT_EXT_RB1@i^0,c
   540   0008B4                     i2l38:
   541                           
   542                           ;interrupcion_HIGH_LOW.c: 58:             LATDbits.LD0 = 1;
   543   0008B4  808C               	bsf	140,0,c	;volatile
   544                           
   545                           ;interrupcion_HIGH_LOW.c: 59:             LATDbits.LD1 = 1;
   546   0008B6  828C               	bsf	140,1,c	;volatile
   547                           
   548                           ;interrupcion_HIGH_LOW.c: 60:             LATDbits.LD2 = 0;
   549   0008B8  948C               	bcf	140,2,c	;volatile
   550                           
   551                           ;interrupcion_HIGH_LOW.c: 61:             LATDbits.LD3 = 0;
   552   0008BA  968C               	bcf	140,3,c	;volatile
   553   0008BC                     
   554                           ;interrupcion_HIGH_LOW.c: 62:             _delay((unsigned long)((500)*(48000000/4000.0)
      +                          ));
   555   0008BC  0E1F               	movlw	31
   556   0008BE  6E02               	movwf	(??_INT_EXT_RB1+1)^0,c
   557   0008C0  0E71               	movlw	113
   558   0008C2  6E01               	movwf	??_INT_EXT_RB1^0,c
   559   0008C4  0E1E               	movlw	30
   560   0008C6                     i2u15_47:
   561   0008C6  2EE8               	decfsz	wreg,f,c
   562   0008C8  D7FE               	bra	i2u15_47
   563   0008CA  2E01               	decfsz	??_INT_EXT_RB1^0,f,c
   564   0008CC  D7FC               	bra	i2u15_47
   565   0008CE  2E02               	decfsz	(??_INT_EXT_RB1+1)^0,f,c
   566   0008D0  D7FA               	bra	i2u15_47
   567   0008D2  D000               	nop2	
   568   0008D4                     
   569                           ;interrupcion_HIGH_LOW.c: 63:             LATDbits.LD0 = 0;
   570   0008D4  908C               	bcf	140,0,c	;volatile
   571   0008D6                     
   572                           ;interrupcion_HIGH_LOW.c: 64:             LATDbits.LD1 = 0;
   573   0008D6  928C               	bcf	140,1,c	;volatile
   574   0008D8                     
   575                           ;interrupcion_HIGH_LOW.c: 65:             LATDbits.LD2 = 1;
   576   0008D8  848C               	bsf	140,2,c	;volatile
   577   0008DA                     
   578                           ;interrupcion_HIGH_LOW.c: 66:             LATDbits.LD3 = 1;
   579   0008DA  868C               	bsf	140,3,c	;volatile
   580                           
   581                           ;interrupcion_HIGH_LOW.c: 67:             _delay((unsigned long)((500)*(48000000/4000.0)
      +                          ));
   582   0008DC  0E1F               	movlw	31
   583   0008DE  6E02               	movwf	(??_INT_EXT_RB1+1)^0,c
   584   0008E0  0E71               	movlw	113
   585   0008E2  6E01               	movwf	??_INT_EXT_RB1^0,c
   586   0008E4  0E1E               	movlw	30
   587   0008E6                     i2u16_47:
   588   0008E6  2EE8               	decfsz	wreg,f,c
   589   0008E8  D7FE               	bra	i2u16_47
   590   0008EA  2E01               	decfsz	??_INT_EXT_RB1^0,f,c
   591   0008EC  D7FC               	bra	i2u16_47
   592   0008EE  2E02               	decfsz	(??_INT_EXT_RB1+1)^0,f,c
   593   0008F0  D7FA               	bra	i2u16_47
   594   0008F2  D000               	nop2	
   595   0008F4                     
   596                           ;interrupcion_HIGH_LOW.c: 68:         }
   597   0008F4  2A03               	incf	INT_EXT_RB1@i^0,f,c
   598   0008F6  0E07               	movlw	7
   599   0008F8  6403               	cpfsgt	INT_EXT_RB1@i^0,c
   600   0008FA  EF81  F004         	goto	i2u2_41
   601   0008FE  EF83  F004         	goto	i2u2_40
   602   000902                     i2u2_41:
   603   000902  EF5A  F004         	goto	i2l38
   604   000906                     i2u2_40:
   605   000906                     
   606                           ;interrupcion_HIGH_LOW.c: 69:         LATDbits.LD0 = 0;
   607   000906  908C               	bcf	140,0,c	;volatile
   608                           
   609                           ;interrupcion_HIGH_LOW.c: 70:         LATDbits.LD1 = 0;
   610   000908  928C               	bcf	140,1,c	;volatile
   611                           
   612                           ;interrupcion_HIGH_LOW.c: 71:         LATDbits.LD2 = 0;
   613   00090A  948C               	bcf	140,2,c	;volatile
   614                           
   615                           ;interrupcion_HIGH_LOW.c: 72:         LATDbits.LD3 = 0;
   616   00090C  968C               	bcf	140,3,c	;volatile
   617                           
   618                           ;interrupcion_HIGH_LOW.c: 74:         INTCON3bits.INT1IF = 0;
   619   00090E  90F0               	bcf	240,0,c	;volatile
   620   000910                     i2l40:
   621   000910  920E               	bcf	int$flags,1,c	;clear compiler interrupt flag (level 2)
   622   000912  0011               	retfie		f
   623   000914                     __end_of_INT_EXT_RB1:
   624                           	callstack 0
   625                           
   626                           	psect	smallconst
   627   000800                     __psmallconst:
   628                           	callstack 0
   629   000800  00                 	db	0
   630   000801  00                 	db	0	; dummy byte at the end
   631   000000                     
   632                           	psect	rparam
   633   000000                     
   634                           	psect	temp
   635   00000E                     btemp:
   636                           	callstack 0
   637   00000E                     	ds	1
   638   000000                     int$flags	set	btemp
   639   000000                     wtemp8	set	btemp+1
   640   000000                     ttemp5	set	btemp+1
   641   000000                     ttemp6	set	btemp+4
   642   000000                     ttemp7	set	btemp+8
   643                           
   644                           	psect	config
   645                           
   646                           ;Config register CONFIG1L @ 0x300000
   647                           ;	PLL Prescaler Selection bits
   648                           ;	PLLDIV = 2, Divide by 2 (8 MHz oscillator input)
   649                           ;	System Clock Postscaler Selection bits
   650                           ;	CPUDIV = OSC1_PLL2, [Primary Oscillator Src: /1][96 MHz PLL Src: /2]
   651                           ;	USB Clock Selection bit (used in Full-Speed USB mode only; UCFG:FSEN = 1)
   652                           ;	USBDIV = 2, USB clock source comes from the 96 MHz PLL divided by 2
   653   300000                     	org	3145728
   654   300000  21                 	db	33
   655                           
   656                           ;Config register CONFIG1H @ 0x300001
   657                           ;	Oscillator Selection bits
   658                           ;	FOSC = HSPLL_HS, HS oscillator, PLL enabled (HSPLL)
   659                           ;	Fail-Safe Clock Monitor Enable bit
   660                           ;	FCMEN = OFF, Fail-Safe Clock Monitor disabled
   661                           ;	Internal/External Oscillator Switchover bit
   662                           ;	IESO = OFF, Oscillator Switchover mode disabled
   663   300001                     	org	3145729
   664   300001  0E                 	db	14
   665                           
   666                           ;Config register CONFIG2L @ 0x300002
   667                           ;	Power-up Timer Enable bit
   668                           ;	PWRT = OFF, PWRT disabled
   669                           ;	Brown-out Reset Enable bits
   670                           ;	BOR = OFF, Brown-out Reset disabled in hardware and software
   671                           ;	Brown-out Reset Voltage bits
   672                           ;	BORV = 3, Minimum setting 2.05V
   673                           ;	USB Voltage Regulator Enable bit
   674                           ;	VREGEN = OFF, USB voltage regulator disabled
   675   300002                     	org	3145730
   676   300002  19                 	db	25
   677                           
   678                           ;Config register CONFIG2H @ 0x300003
   679                           ;	Watchdog Timer Enable bit
   680                           ;	WDT = OFF, WDT disabled (control is placed on the SWDTEN bit)
   681                           ;	Watchdog Timer Postscale Select bits
   682                           ;	WDTPS = 32768, 1:32768
   683   300003                     	org	3145731
   684   300003  1E                 	db	30
   685                           
   686                           ; Padding undefined space
   687   300004                     	org	3145732
   688   300004  FF                 	db	255
   689                           
   690                           ;Config register CONFIG3H @ 0x300005
   691                           ;	CCP2 MUX bit
   692                           ;	CCP2MX = ON, CCP2 input/output is multiplexed with RC1
   693                           ;	PORTB A/D Enable bit
   694                           ;	PBADEN = OFF, PORTB<4:0> pins are configured as digital I/O on Reset
   695                           ;	Low-Power Timer 1 Oscillator Enable bit
   696                           ;	LPT1OSC = OFF, Timer1 configured for higher power operation
   697                           ;	MCLR Pin Enable bit
   698                           ;	MCLRE = ON, MCLR pin enabled; RE3 input pin disabled
   699   300005                     	org	3145733
   700   300005  81                 	db	129
   701                           
   702                           ;Config register CONFIG4L @ 0x300006
   703                           ;	Stack Full/Underflow Reset Enable bit
   704                           ;	STVREN = ON, Stack full/underflow will cause Reset
   705                           ;	Single-Supply ICSP Enable bit
   706                           ;	LVP = OFF, Single-Supply ICSP disabled
   707                           ;	Dedicated In-Circuit Debug/Programming Port (ICPORT) Enable bit
   708                           ;	ICPRT = OFF, ICPORT disabled
   709                           ;	Extended Instruction Set Enable bit
   710                           ;	XINST = OFF, Instruction set extension and Indexed Addressing mode disabled (Legacy mo
      +                          de)
   711                           ;	Background Debugger Enable bit
   712                           ;	DEBUG = 0x1, unprogrammed default
   713   300006                     	org	3145734
   714   300006  81                 	db	129
   715                           
   716                           ; Padding undefined space
   717   300007                     	org	3145735
   718   300007  FF                 	db	255
   719                           
   720                           ;Config register CONFIG5L @ 0x300008
   721                           ;	Code Protection bit
   722                           ;	CP0 = OFF, Block 0 (000800-001FFFh) is not code-protected
   723                           ;	Code Protection bit
   724                           ;	CP1 = OFF, Block 1 (002000-003FFFh) is not code-protected
   725                           ;	Code Protection bit
   726                           ;	CP2 = OFF, Block 2 (004000-005FFFh) is not code-protected
   727                           ;	Code Protection bit
   728                           ;	CP3 = OFF, Block 3 (006000-007FFFh) is not code-protected
   729   300008                     	org	3145736
   730   300008  0F                 	db	15
   731                           
   732                           ;Config register CONFIG5H @ 0x300009
   733                           ;	Boot Block Code Protection bit
   734                           ;	CPB = OFF, Boot block (000000-0007FFh) is not code-protected
   735                           ;	Data EEPROM Code Protection bit
   736                           ;	CPD = OFF, Data EEPROM is not code-protected
   737   300009                     	org	3145737
   738   300009  C0                 	db	192
   739                           
   740                           ;Config register CONFIG6L @ 0x30000A
   741                           ;	Write Protection bit
   742                           ;	WRT0 = OFF, Block 0 (000800-001FFFh) is not write-protected
   743                           ;	Write Protection bit
   744                           ;	WRT1 = OFF, Block 1 (002000-003FFFh) is not write-protected
   745                           ;	Write Protection bit
   746                           ;	WRT2 = OFF, Block 2 (004000-005FFFh) is not write-protected
   747                           ;	Write Protection bit
   748                           ;	WRT3 = OFF, Block 3 (006000-007FFFh) is not write-protected
   749   30000A                     	org	3145738
   750   30000A  0F                 	db	15
   751                           
   752                           ;Config register CONFIG6H @ 0x30000B
   753                           ;	Configuration Register Write Protection bit
   754                           ;	WRTC = OFF, Configuration registers (300000-3000FFh) are not write-protected
   755                           ;	Boot Block Write Protection bit
   756                           ;	WRTB = OFF, Boot block (000000-0007FFh) is not write-protected
   757                           ;	Data EEPROM Write Protection bit
   758                           ;	WRTD = OFF, Data EEPROM is not write-protected
   759   30000B                     	org	3145739
   760   30000B  E0                 	db	224
   761                           
   762                           ;Config register CONFIG7L @ 0x30000C
   763                           ;	Table Read Protection bit
   764                           ;	EBTR0 = OFF, Block 0 (000800-001FFFh) is not protected from table reads executed in ot
      +                          her blocks
   765                           ;	Table Read Protection bit
   766                           ;	EBTR1 = OFF, Block 1 (002000-003FFFh) is not protected from table reads executed in ot
      +                          her blocks
   767                           ;	Table Read Protection bit
   768                           ;	EBTR2 = OFF, Block 2 (004000-005FFFh) is not protected from table reads executed in ot
      +                          her blocks
   769                           ;	Table Read Protection bit
   770                           ;	EBTR3 = OFF, Block 3 (006000-007FFFh) is not protected from table reads executed in ot
      +                          her blocks
   771   30000C                     	org	3145740
   772   30000C  0F                 	db	15
   773                           
   774                           ;Config register CONFIG7H @ 0x30000D
   775                           ;	Boot Block Table Read Protection bit
   776                           ;	EBTRB = OFF, Boot block (000000-0007FFh) is not protected from table reads executed in
      +                           other blocks
   777   30000D                     	org	3145741
   778   30000D  40                 	db	64
   779                           tosu	equ	0xFFF
   780                           tosh	equ	0xFFE
   781                           tosl	equ	0xFFD
   782                           stkptr	equ	0xFFC
   783                           pclatu	equ	0xFFB
   784                           pclath	equ	0xFFA
   785                           pcl	equ	0xFF9
   786                           tblptru	equ	0xFF8
   787                           tblptrh	equ	0xFF7
   788                           tblptrl	equ	0xFF6
   789                           tablat	equ	0xFF5
   790                           prodh	equ	0xFF4
   791                           prodl	equ	0xFF3
   792                           indf0	equ	0xFEF
   793                           postinc0	equ	0xFEE
   794                           postdec0	equ	0xFED
   795                           preinc0	equ	0xFEC
   796                           plusw0	equ	0xFEB
   797                           fsr0h	equ	0xFEA
   798                           fsr0l	equ	0xFE9
   799                           wreg	equ	0xFE8
   800                           indf1	equ	0xFE7
   801                           postinc1	equ	0xFE6
   802                           postdec1	equ	0xFE5
   803                           preinc1	equ	0xFE4
   804                           plusw1	equ	0xFE3
   805                           fsr1h	equ	0xFE2
   806                           fsr1l	equ	0xFE1
   807                           bsr	equ	0xFE0
   808                           indf2	equ	0xFDF
   809                           postinc2	equ	0xFDE
   810                           postdec2	equ	0xFDD
   811                           preinc2	equ	0xFDC
   812                           plusw2	equ	0xFDB
   813                           fsr2h	equ	0xFDA
   814                           fsr2l	equ	0xFD9
   815                           status	equ	0xFD8

Data Sizes:
    Strings     0
    Constant    0
    Data        0
    BSS         0
    Persistent  0
    Stack       0

Auto Spaces:
    Space          Size  Autos    Used
    COMRAM           94     13      13
    BANK0           160      0       0
    BANK1           256      0       0
    BANK2           256      0       0
    BANK3           256      0       0
    BANK4           256      0       0
    BANK5           256      0       0
    BANK6           256      0       0
    BANK7           256      0       0

Pointer List with Targets:

    None.

Critical Paths under _main in COMRAM

    None.

Critical Paths under _INT_EXT_RB2 in COMRAM

    None.

Critical Paths under _INT_EXT_RB1 in COMRAM

    None.

Critical Paths under _main in BANK0

    None.

Critical Paths under _INT_EXT_RB2 in BANK0

    None.

Critical Paths under _INT_EXT_RB1 in BANK0

    None.

Critical Paths under _main in BANK1

    None.

Critical Paths under _INT_EXT_RB2 in BANK1

    None.

Critical Paths under _INT_EXT_RB1 in BANK1

    None.

Critical Paths under _main in BANK2

    None.

Critical Paths under _INT_EXT_RB2 in BANK2

    None.

Critical Paths under _INT_EXT_RB1 in BANK2

    None.

Critical Paths under _main in BANK3

    None.

Critical Paths under _INT_EXT_RB2 in BANK3

    None.

Critical Paths under _INT_EXT_RB1 in BANK3

    None.

Critical Paths under _main in BANK4

    None.

Critical Paths under _INT_EXT_RB2 in BANK4

    None.

Critical Paths under _INT_EXT_RB1 in BANK4

    None.

Critical Paths under _main in BANK5

    None.

Critical Paths under _INT_EXT_RB2 in BANK5

    None.

Critical Paths under _INT_EXT_RB1 in BANK5

    None.

Critical Paths under _main in BANK6

    None.

Critical Paths under _INT_EXT_RB2 in BANK6

    None.

Critical Paths under _INT_EXT_RB1 in BANK6

    None.

Critical Paths under _main in BANK7

    None.

Critical Paths under _INT_EXT_RB2 in BANK7

    None.

Critical Paths under _INT_EXT_RB1 in BANK7

    None.

Call Graph Tables:

 ---------------------------------------------------------------------------------
 (Depth) Function   	        Calls       Base Space   Used Autos Params    Refs
 ---------------------------------------------------------------------------------
 (0) _main                                                 2     2      0       0
                                             11 COMRAM     2     2      0
 ---------------------------------------------------------------------------------
 Estimated maximum stack depth 0
 ---------------------------------------------------------------------------------
 (Depth) Function   	        Calls       Base Space   Used Autos Params    Refs
 ---------------------------------------------------------------------------------
 (1) _INT_EXT_RB2                                          8     8      0      90
                                              3 COMRAM     8     8      0
 ---------------------------------------------------------------------------------
 Estimated maximum stack depth 1
 ---------------------------------------------------------------------------------
 (Depth) Function   	        Calls       Base Space   Used Autos Params    Refs
 ---------------------------------------------------------------------------------
 (2) _INT_EXT_RB1                                          3     3      0      30
                                              0 COMRAM     3     3      0
 ---------------------------------------------------------------------------------
 Estimated maximum stack depth 2
 ---------------------------------------------------------------------------------

 Call Graph Graphs:

 _main (ROOT)

 _INT_EXT_RB2 (ROOT)

 _INT_EXT_RB1 (ROOT)

 Address spaces:
Name               Size   Autos  Total    Cost      Usage
BITCOMRAM           5E      0       0       0        0.0%
EEDATA             100      0       0       0        0.0%
NULL                 0      0       0       0        0.0%
CODE                 0      0       0       0        0.0%
COMRAM              5E      D       D       1       13.8%
STACK                0      0       0       2        0.0%
DATA                 0      0       0       3        0.0%
BITBANK0            A0      0       0       4        0.0%
BANK0               A0      0       0       5        0.0%
BITBANK1           100      0       0       6        0.0%
BANK1              100      0       0       7        0.0%
BITBANK2           100      0       0       8        0.0%
BANK2              100      0       0       9        0.0%
BITBANK3           100      0       0      10        0.0%
BANK3              100      0       0      11        0.0%
BITBANK4           100      0       0      12        0.0%
BANK4              100      0       0      13        0.0%
BITBANK5           100      0       0      14        0.0%
BANK5              100      0       0      15        0.0%
BITBANK6           100      0       0      16        0.0%
BANK6              100      0       0      17        0.0%
BITBANK7           100      0       0      18        0.0%
BANK7              100      0       0      19        0.0%
BITBIGSFRhh          D      0       0      20        0.0%
BITBIGSFRhlh        1F      0       0      21        0.0%
BITBIGSFRhll         E      0       0      22        0.0%
BITBIGSFRlhh        2B      0       0      23        0.0%
BITBIGSFRlhl         1      0       0      24        0.0%
BITBIGSFRllhh        5      0       0      25        0.0%
BITBIGSFRllhl        2      0       0      26        0.0%
BITBIGSFRlll        29      0       0      27        0.0%
ABS                  0      0       0      28        0.0%
BIGRAM             7FF      0       0      29        0.0%
BIGSFR               0      0       0     200        0.0%
BITSFR               0      0       0     200        0.0%
SFR                  0      0       0     200        0.0%


Microchip Technology PIC18 Macro Assembler V2.45 build 20230818022343 
Symbol Table                                                                                   Tue Mar 12 16:37:10 2024

                     l29 0830                       u77 083E                       u87 0858  
                     u97 0872                       bsr 0FE0                      l730 0806  
                    l740 0810                      l732 0808                      l750 081A  
                    l742 0812                      l734 080A                      l760 0864  
                    l752 081C                      l744 0814                      l736 080C  
                    l728 0802                      l762 0868                      l754 081E  
                    l746 0816                      l738 080E                      l764 0882  
                    l756 0834                      l748 0818                      l758 084A  
                    u107 088C                      wreg 0FE8                     _LATA 0F89  
                   _LATD 0F8C                     i1l50 008A                     i1l52 00E8  
                   i1l47 00E6                     i2l40 0910                     i1l48 003C  
                   i2l38 08B4                     i2l39 0906                     _main 0802  
                   btemp 000E                     start 00F8             ___param_bank 0000  
                  ?_main 0001                    i1l800 0040                    i1l802 0058  
                  i1l820 00C2                    i1l804 005A                    i1l822 00D4  
                  i1l814 008E                    i1l806 0074                    i1l824 00D6  
                  i1l816 00A6                    i1l808 0086                    i1l818 00A8  
                  i1l794 0038                    i1l786 0026                    i1l788 0034  
                  i2l780 08D8                    i2l782 08DA                    i2l774 08BC  
                  i2l766 08A2                    i2l784 08F4                    i2l776 08D4  
                  i2l768 08B0                    i2l778 08D6                    _TRISA 0F92  
                  _TRISD 0F95             ?_INT_EXT_RB1 0001             ?_INT_EXT_RB2 0001  
                  ttemp5 000F                    ttemp6 0012                    ttemp7 0016  
                  status 0FD8                    wtemp8 000F          __initialization 0914  
           __end_of_main 08A0                   ??_main 000C            __activetblptr 0000  
                 i1u3_20 0034                   i1u3_21 0030                   i1u4_20 0086  
                 i1u4_21 0082                   i1u5_20 00D4                   i1u5_21 00D0  
                 i2u1_40 08B0                   i2u1_41 08AC                   i1u6_20 00E6  
                 i1u6_21 00E2                   i2u2_40 0906                   i2u2_41 0902  
                 isa$std 0001             __mediumconst 0000               __accesstop 0060  
__end_of__initialization 0914            ___rparam_used 0001           __pcstackCOMRAM 0001  
                i1u11_27 004A                  i1u12_27 0066                  i1u13_27 0098  
                i1u14_27 00B4                  i2u15_47 08C6                  i2u16_47 08E6  
                __Hparam 0000                  __Lparam 0000             __psmallconst 0800  
                __pcinit 0914                  __ramtop 0800                  __ptext0 0802  
         __pintcode_body 08A0     end_of_initialization 0914         INT_EXT_RB2@j_426 000B  
                int_func 08A0             INT_EXT_RB1@i 0003             INT_EXT_RB2@i 0009  
           INT_EXT_RB2@j 000A                _TRISBbits 0F93      start_initialization 0914  
          ??_INT_EXT_RB1 0001            ??_INT_EXT_RB2 0004                __pintcode 0008  
            __pintcodelo 0018              __smallconst 0800      __end_of_INT_EXT_RB1 0914  
    __end_of_INT_EXT_RB2 00F8                 _LATDbits 0F8C                 _RCONbits 0FD0  
             _ADCON1bits 0FC1              _INTCON2bits 0FF1              _INTCON3bits 0FF0  
               __Hrparam 0000                 __Lrparam 0000              _INT_EXT_RB1 0008  
            _INT_EXT_RB2 0018                 isa$xinst 0000                 int$flags 000E  
             _INTCONbits 0FF2                 intlevel1 0000                 intlevel2 0000  
