

Microchip MPLAB XC8 Assembler V2.45 build 20230818022343 
                                                                                               Sun Feb 11 18:18:42 2024

Microchip MPLAB XC8 C Compiler v2.45 (Free license) build 20230818022343 Og1 
     1                           	processor	18F4550
     2                           	fnconf	rparam,??,?,0
     3                           	pagewidth 120
     4                           	opt	flic
     5                           	psect	cinit,global,reloc=2,class=CODE,delta=1
     6                           	psect	cstackCOMRAM,global,class=COMRAM,space=1,delta=1,lowdata,noexec
     7                           	psect	text0,global,reloc=2,class=CODE,delta=1
     8                           	psect	smallconst,global,reloc=2,class=SMALLCONST,delta=1,noexec
     9                           	psect	intsave_regs,global,class=BIGRAM,space=1,delta=1,noexec
    10                           	psect	rparam,global,class=COMRAM,space=1,delta=1,noexec
    11                           	psect	config,global,abs,ovrld,class=CONFIG,space=4,delta=1,noexec
    12   000000                     
    13                           ; Generated 23/03/2023 GMT
    14                           ; 
    15                           ; Copyright © 2023, Microchip Technology Inc. and its subsidiaries ("Microchip")
    16                           ; All rights reserved.
    17                           ; 
    18                           ; This software is developed by Microchip Technology Inc. and its subsidiaries ("Microch
      +                          ip").
    19                           ; 
    20                           ; Redistribution and use in source and binary forms, with or without modification, are
    21                           ; permitted provided that the following conditions are met:
    22                           ; 
    23                           ;     1. Redistributions of source code must retain the above copyright notice, this lis
      +                          t of
    24                           ;        conditions and the following disclaimer.
    25                           ; 
    26                           ;     2. Redistributions in binary form must reproduce the above copyright notice, this 
      +                          list
    27                           ;        of conditions and the following disclaimer in the documentation and/or other
    28                           ;        materials provided with the distribution. Publication is not required when
    29                           ;        this file is used in an embedded application.
    30                           ; 
    31                           ;     3. Microchip's name may not be used to endorse or promote products derived from th
      +                          is
    32                           ;        software without specific prior written permission.
    33                           ; 
    34                           ; THIS SOFTWARE IS PROVIDED BY MICROCHIP "AS IS" AND ANY EXPRESS OR IMPLIED WARRANTIES,
    35                           ; INCLUDING, BUT NOT LIMITED TO, THE IMPLIED WARRANTIES OF MERCHANTABILITY AND FITNESS F
      +                          OR
    36                           ; PURPOSE ARE DISCLAIMED.  IN NO EVENT SHALL MICROCHIP BE LIABLE FOR ANY DIRECT, INDIREC
      +                          T,
    37                           ; INCIDENTAL, SPECIAL, EXEMPLARY, OR CONSEQUENTIAL DAMAGES (INCLUDING BUT NOT LIMITED TO
    38                           ; PROCUREMENT OF SUBSTITUTE GOODS OR SERVICES; LOSS OF USE, DATA OR PROFITS; OR BUSINESS
    39                           ; INTERRUPTION) HOWSOEVER CAUSED AND ON ANY THEORY OF LIABILITY, WHETHER IN CONTRACT, ST
      +                          RICT
    40                           ; LIABILITY, OR TORT (INCLUDING NEGLIGENCE OR OTHERWISE) ARISING IN ANY WAY OUT OF THE U
      +                          SE OF
    41                           ; THIS SOFTWARE, EVEN IF ADVISED OF THE POSSIBILITY OF SUCH DAMAGE.
    42                           ; 
    43                           ; 
    44                           ; Code-generator required, PIC18F4550 Definitions
    45                           ; 
    46                           ; SFR Addresses
    47   000000                     _PORTDbits	set	3971
    48   000000                     _LATB	set	3978
    49   000000                     _TRISB	set	3987
    50   000000                     _TRISDbits	set	3989
    51   000000                     _ADCON1bits	set	4033
    52                           
    53                           ; #config settings
    54                           
    55                           	psect	cinit
    56   000CDE                     __pcinit:
    57                           	callstack 0
    58   000CDE                     start_initialization:
    59                           	callstack 0
    60   000CDE                     __initialization:
    61                           	callstack 0
    62   000CDE                     end_of_initialization:
    63                           	callstack 0
    64   000CDE                     __end_of__initialization:
    65                           	callstack 0
    66   000CDE  0100               	movlb	0
    67   000CE0  EF01  F004         	goto	_main	;jump to C main() function
    68                           
    69                           	psect	cstackCOMRAM
    70   000001                     __pcstackCOMRAM:
    71                           	callstack 0
    72   000001                     ??_main:
    73                           
    74                           ; 1 bytes @ 0x0
    75   000001                     	ds	2
    76   000003                     main@i:
    77                           	callstack 0
    78                           
    79                           ; 2 bytes @ 0x2
    80   000003                     	ds	2
    81   000005                     main@i_178:
    82                           	callstack 0
    83                           
    84                           ; 2 bytes @ 0x4
    85   000005                     	ds	2
    86   000007                     main@i_179:
    87                           	callstack 0
    88                           
    89                           ; 2 bytes @ 0x6
    90   000007                     	ds	2
    91   000009                     main@i_180:
    92                           	callstack 0
    93                           
    94                           ; 2 bytes @ 0x8
    95   000009                     	ds	2
    96   00000B                     main@i_181:
    97                           	callstack 0
    98                           
    99                           ; 2 bytes @ 0xA
   100   00000B                     	ds	2
   101                           
   102 ;;
   103 ;;Main: autosize = 0, tempsize = 2, incstack = 0, save=0
   104 ;;
   105 ;; *************** function _main *****************
   106 ;; Defined at:
   107 ;;		line 19 in file "juegoDeLuces.c"
   108 ;; Parameters:    Size  Location     Type
   109 ;;		None
   110 ;; Auto vars:     Size  Location     Type
   111 ;;  i               2   10[COMRAM] int 
   112 ;;  i               2    8[COMRAM] int 
   113 ;;  i               2    6[COMRAM] int 
   114 ;;  i               2    4[COMRAM] int 
   115 ;;  i               2    2[COMRAM] int 
   116 ;; Return value:  Size  Location     Type
   117 ;;                  1    wreg      void 
   118 ;; Registers used:
   119 ;;		wreg, status,2, status,0
   120 ;; Tracked objects:
   121 ;;		On entry : 0/0
   122 ;;		On exit  : 0/0
   123 ;;		Unchanged: 0/0
   124 ;; Data sizes:     COMRAM   BANK0   BANK1   BANK2   BANK3   BANK4   BANK5   BANK6   BANK7
   125 ;;      Params:         0       0       0       0       0       0       0       0       0
   126 ;;      Locals:        10       0       0       0       0       0       0       0       0
   127 ;;      Temps:          2       0       0       0       0       0       0       0       0
   128 ;;      Totals:        12       0       0       0       0       0       0       0       0
   129 ;;Total ram usage:       12 bytes
   130 ;; This function calls:
   131 ;;		Nothing
   132 ;; This function is called by:
   133 ;;		Startup code after reset
   134 ;; This function uses a non-reentrant model
   135 ;;
   136                           
   137                           	psect	text0
   138   000802                     __ptext0:
   139                           	callstack 0
   140   000802                     _main:
   141                           	callstack 31
   142   000802                     
   143                           ;juegoDeLuces.c: 20:     ADCON1bits.PCFG = 0x0F;
   144   000802  0E0F               	movlw	15
   145   000804  12C1               	iorwf	193,f,c	;volatile
   146   000806                     
   147                           ;juegoDeLuces.c: 21:     TRISDbits.RD0 = 1;
   148   000806  8095               	bsf	149,0,c	;volatile
   149   000808                     
   150                           ;juegoDeLuces.c: 22:     TRISDbits.RD1 = 1;
   151   000808  8295               	bsf	149,1,c	;volatile
   152   00080A                     
   153                           ;juegoDeLuces.c: 23:     TRISDbits.RD2 = 1;
   154   00080A  8495               	bsf	149,2,c	;volatile
   155   00080C                     
   156                           ;juegoDeLuces.c: 24:     TRISDbits.RD3 = 1;
   157   00080C  8695               	bsf	149,3,c	;volatile
   158   00080E                     
   159                           ;juegoDeLuces.c: 25:     TRISDbits.RD4 = 1;
   160   00080E  8895               	bsf	149,4,c	;volatile
   161                           
   162                           ;juegoDeLuces.c: 26:     TRISB = 0x00;
   163   000810  0E00               	movlw	0
   164   000812  6E93               	movwf	147,c	;volatile
   165                           
   166                           ;juegoDeLuces.c: 27:     LATB = 0x00;
   167   000814  0E00               	movlw	0
   168   000816  6E8A               	movwf	138,c	;volatile
   169   000818                     l728:
   170                           
   171                           ;juegoDeLuces.c: 30:         if (PORTDbits.RD0 == 1) {
   172   000818  A083               	btfss	131,0,c	;volatile
   173   00081A  EF11  F004         	goto	u11
   174   00081E  EF13  F004         	goto	u10
   175   000822                     u11:
   176   000822  EF99  F004         	goto	l18
   177   000826                     u10:
   178   000826                     
   179                           ;juegoDeLuces.c: 31:             for (int i = 0; i < 4; i++) {
   180   000826  0E00               	movlw	0
   181   000828  6E04               	movwf	(main@i+1)^0,c
   182   00082A  0E00               	movlw	0
   183   00082C  6E03               	movwf	main@i^0,c
   184   00082E                     l736:
   185                           
   186                           ;juegoDeLuces.c: 32:                 LATB = 0b00000001;
   187   00082E  0E01               	movlw	1
   188   000830  6E8A               	movwf	138,c	;volatile
   189   000832                     
   190                           ;juegoDeLuces.c: 33:                 _delay((unsigned long)((100)*(48000000/4000.0)));
   191   000832  0E07               	movlw	7
   192   000834  6E02               	movwf	(??_main+1)^0,c
   193   000836  0E17               	movlw	23
   194   000838  6E01               	movwf	??_main^0,c
   195   00083A  0E6A               	movlw	106
   196   00083C                     u117:
   197   00083C  2EE8               	decfsz	wreg,f,c
   198   00083E  D7FE               	bra	u117
   199   000840  2E01               	decfsz	??_main^0,f,c
   200   000842  D7FC               	bra	u117
   201   000844  2E02               	decfsz	(??_main+1)^0,f,c
   202   000846  D7FA               	bra	u117
   203   000848  D000               	nop2	
   204   00084A                     
   205                           ;juegoDeLuces.c: 34:                 LATB = 0b00000010;
   206   00084A  0E02               	movlw	2
   207   00084C  6E8A               	movwf	138,c	;volatile
   208                           
   209                           ;juegoDeLuces.c: 35:                 _delay((unsigned long)((100)*(48000000/4000.0)));
   210   00084E  0E07               	movlw	7
   211   000850  6E02               	movwf	(??_main+1)^0,c
   212   000852  0E17               	movlw	23
   213   000854  6E01               	movwf	??_main^0,c
   214   000856  0E6A               	movlw	106
   215   000858                     u127:
   216   000858  2EE8               	decfsz	wreg,f,c
   217   00085A  D7FE               	bra	u127
   218   00085C  2E01               	decfsz	??_main^0,f,c
   219   00085E  D7FC               	bra	u127
   220   000860  2E02               	decfsz	(??_main+1)^0,f,c
   221   000862  D7FA               	bra	u127
   222   000864  D000               	nop2	
   223   000866                     
   224                           ;juegoDeLuces.c: 36:                 LATB = 0b00000100;
   225   000866  0E04               	movlw	4
   226   000868  6E8A               	movwf	138,c	;volatile
   227   00086A                     
   228                           ;juegoDeLuces.c: 37:                 _delay((unsigned long)((100)*(48000000/4000.0)));
   229   00086A  0E07               	movlw	7
   230   00086C  6E02               	movwf	(??_main+1)^0,c
   231   00086E  0E17               	movlw	23
   232   000870  6E01               	movwf	??_main^0,c
   233   000872  0E6A               	movlw	106
   234   000874                     u137:
   235   000874  2EE8               	decfsz	wreg,f,c
   236   000876  D7FE               	bra	u137
   237   000878  2E01               	decfsz	??_main^0,f,c
   238   00087A  D7FC               	bra	u137
   239   00087C  2E02               	decfsz	(??_main+1)^0,f,c
   240   00087E  D7FA               	bra	u137
   241   000880  D000               	nop2	
   242                           
   243                           ;juegoDeLuces.c: 38:                 LATB = 0b00001000;
   244   000882  0E08               	movlw	8
   245   000884  6E8A               	movwf	138,c	;volatile
   246   000886                     
   247                           ;juegoDeLuces.c: 39:                 _delay((unsigned long)((100)*(48000000/4000.0)));
   248   000886  0E07               	movlw	7
   249   000888  6E02               	movwf	(??_main+1)^0,c
   250   00088A  0E17               	movlw	23
   251   00088C  6E01               	movwf	??_main^0,c
   252   00088E  0E6A               	movlw	106
   253   000890                     u147:
   254   000890  2EE8               	decfsz	wreg,f,c
   255   000892  D7FE               	bra	u147
   256   000894  2E01               	decfsz	??_main^0,f,c
   257   000896  D7FC               	bra	u147
   258   000898  2E02               	decfsz	(??_main+1)^0,f,c
   259   00089A  D7FA               	bra	u147
   260   00089C  D000               	nop2	
   261   00089E                     
   262                           ;juegoDeLuces.c: 40:                 LATB = 0b00010000;
   263   00089E  0E10               	movlw	16
   264   0008A0  6E8A               	movwf	138,c	;volatile
   265                           
   266                           ;juegoDeLuces.c: 41:                 _delay((unsigned long)((100)*(48000000/4000.0)));
   267   0008A2  0E07               	movlw	7
   268   0008A4  6E02               	movwf	(??_main+1)^0,c
   269   0008A6  0E17               	movlw	23
   270   0008A8  6E01               	movwf	??_main^0,c
   271   0008AA  0E6A               	movlw	106
   272   0008AC                     u157:
   273   0008AC  2EE8               	decfsz	wreg,f,c
   274   0008AE  D7FE               	bra	u157
   275   0008B0  2E01               	decfsz	??_main^0,f,c
   276   0008B2  D7FC               	bra	u157
   277   0008B4  2E02               	decfsz	(??_main+1)^0,f,c
   278   0008B6  D7FA               	bra	u157
   279   0008B8  D000               	nop2	
   280   0008BA                     
   281                           ;juegoDeLuces.c: 42:                 LATB = 0b00100000;
   282   0008BA  0E20               	movlw	32
   283   0008BC  6E8A               	movwf	138,c	;volatile
   284   0008BE                     
   285                           ;juegoDeLuces.c: 43:                 _delay((unsigned long)((100)*(48000000/4000.0)));
   286   0008BE  0E07               	movlw	7
   287   0008C0  6E02               	movwf	(??_main+1)^0,c
   288   0008C2  0E17               	movlw	23
   289   0008C4  6E01               	movwf	??_main^0,c
   290   0008C6  0E6A               	movlw	106
   291   0008C8                     u167:
   292   0008C8  2EE8               	decfsz	wreg,f,c
   293   0008CA  D7FE               	bra	u167
   294   0008CC  2E01               	decfsz	??_main^0,f,c
   295   0008CE  D7FC               	bra	u167
   296   0008D0  2E02               	decfsz	(??_main+1)^0,f,c
   297   0008D2  D7FA               	bra	u167
   298   0008D4  D000               	nop2	
   299                           
   300                           ;juegoDeLuces.c: 44:                 LATB = 0b01000000;
   301   0008D6  0E40               	movlw	64
   302   0008D8  6E8A               	movwf	138,c	;volatile
   303   0008DA                     
   304                           ;juegoDeLuces.c: 45:                 _delay((unsigned long)((100)*(48000000/4000.0)));
   305   0008DA  0E07               	movlw	7
   306   0008DC  6E02               	movwf	(??_main+1)^0,c
   307   0008DE  0E17               	movlw	23
   308   0008E0  6E01               	movwf	??_main^0,c
   309   0008E2  0E6A               	movlw	106
   310   0008E4                     u177:
   311   0008E4  2EE8               	decfsz	wreg,f,c
   312   0008E6  D7FE               	bra	u177
   313   0008E8  2E01               	decfsz	??_main^0,f,c
   314   0008EA  D7FC               	bra	u177
   315   0008EC  2E02               	decfsz	(??_main+1)^0,f,c
   316   0008EE  D7FA               	bra	u177
   317   0008F0  D000               	nop2	
   318   0008F2                     
   319                           ;juegoDeLuces.c: 46:                 LATB = 0b10000000;
   320   0008F2  0E80               	movlw	128
   321   0008F4  6E8A               	movwf	138,c	;volatile
   322                           
   323                           ;juegoDeLuces.c: 47:                 _delay((unsigned long)((100)*(48000000/4000.0)));
   324   0008F6  0E07               	movlw	7
   325   0008F8  6E02               	movwf	(??_main+1)^0,c
   326   0008FA  0E17               	movlw	23
   327   0008FC  6E01               	movwf	??_main^0,c
   328   0008FE  0E6A               	movlw	106
   329   000900                     u187:
   330   000900  2EE8               	decfsz	wreg,f,c
   331   000902  D7FE               	bra	u187
   332   000904  2E01               	decfsz	??_main^0,f,c
   333   000906  D7FC               	bra	u187
   334   000908  2E02               	decfsz	(??_main+1)^0,f,c
   335   00090A  D7FA               	bra	u187
   336   00090C  D000               	nop2	
   337   00090E                     
   338                           ;juegoDeLuces.c: 48:             }
   339   00090E  4A03               	infsnz	main@i^0,f,c
   340   000910  2A04               	incf	(main@i+1)^0,f,c
   341   000912  BE04               	btfsc	(main@i+1)^0,7,c
   342   000914  EF95  F004         	goto	u21
   343   000918  5004               	movf	(main@i+1)^0,w,c
   344   00091A  E109               	bnz	u20
   345   00091C  0E04               	movlw	4
   346   00091E  5C03               	subwf	main@i^0,w,c
   347   000920  A0D8               	btfss	status,0,c
   348   000922  EF95  F004         	goto	u21
   349   000926  EF97  F004         	goto	u20
   350   00092A                     u21:
   351   00092A  EF17  F004         	goto	l736
   352   00092E                     u20:
   353   00092E  EF0C  F004         	goto	l728
   354   000932                     l18:
   355   000932  A283               	btfss	131,1,c	;volatile
   356   000934  EF9E  F004         	goto	u31
   357   000938  EFA0  F004         	goto	u30
   358   00093C                     u31:
   359   00093C  EF26  F005         	goto	l22
   360   000940                     u30:
   361   000940                     
   362                           ;juegoDeLuces.c: 51:             for (int i = 0; i < 4; i++) {
   363   000940  0E00               	movlw	0
   364   000942  6E06               	movwf	(main@i_178+1)^0,c
   365   000944  0E00               	movlw	0
   366   000946  6E05               	movwf	main@i_178^0,c
   367   000948                     l766:
   368                           
   369                           ;juegoDeLuces.c: 52:                 LATB = 0b10000000;
   370   000948  0E80               	movlw	128
   371   00094A  6E8A               	movwf	138,c	;volatile
   372   00094C                     
   373                           ;juegoDeLuces.c: 53:                 _delay((unsigned long)((100)*(48000000/4000.0)));
   374   00094C  0E07               	movlw	7
   375   00094E  6E02               	movwf	(??_main+1)^0,c
   376   000950  0E17               	movlw	23
   377   000952  6E01               	movwf	??_main^0,c
   378   000954  0E6A               	movlw	106
   379   000956                     u197:
   380   000956  2EE8               	decfsz	wreg,f,c
   381   000958  D7FE               	bra	u197
   382   00095A  2E01               	decfsz	??_main^0,f,c
   383   00095C  D7FC               	bra	u197
   384   00095E  2E02               	decfsz	(??_main+1)^0,f,c
   385   000960  D7FA               	bra	u197
   386   000962  D000               	nop2	
   387   000964                     
   388                           ;juegoDeLuces.c: 54:                 LATB = 0b01000000;
   389   000964  0E40               	movlw	64
   390   000966  6E8A               	movwf	138,c	;volatile
   391                           
   392                           ;juegoDeLuces.c: 55:                 _delay((unsigned long)((100)*(48000000/4000.0)));
   393   000968  0E07               	movlw	7
   394   00096A  6E02               	movwf	(??_main+1)^0,c
   395   00096C  0E17               	movlw	23
   396   00096E  6E01               	movwf	??_main^0,c
   397   000970  0E6A               	movlw	106
   398   000972                     u207:
   399   000972  2EE8               	decfsz	wreg,f,c
   400   000974  D7FE               	bra	u207
   401   000976  2E01               	decfsz	??_main^0,f,c
   402   000978  D7FC               	bra	u207
   403   00097A  2E02               	decfsz	(??_main+1)^0,f,c
   404   00097C  D7FA               	bra	u207
   405   00097E  D000               	nop2	
   406   000980                     
   407                           ;juegoDeLuces.c: 56:                 LATB = 0b00100000;
   408   000980  0E20               	movlw	32
   409   000982  6E8A               	movwf	138,c	;volatile
   410   000984                     
   411                           ;juegoDeLuces.c: 57:                 _delay((unsigned long)((100)*(48000000/4000.0)));
   412   000984  0E07               	movlw	7
   413   000986  6E02               	movwf	(??_main+1)^0,c
   414   000988  0E17               	movlw	23
   415   00098A  6E01               	movwf	??_main^0,c
   416   00098C  0E6A               	movlw	106
   417   00098E                     u217:
   418   00098E  2EE8               	decfsz	wreg,f,c
   419   000990  D7FE               	bra	u217
   420   000992  2E01               	decfsz	??_main^0,f,c
   421   000994  D7FC               	bra	u217
   422   000996  2E02               	decfsz	(??_main+1)^0,f,c
   423   000998  D7FA               	bra	u217
   424   00099A  D000               	nop2	
   425                           
   426                           ;juegoDeLuces.c: 58:                 LATB = 0b00010000;
   427   00099C  0E10               	movlw	16
   428   00099E  6E8A               	movwf	138,c	;volatile
   429   0009A0                     
   430                           ;juegoDeLuces.c: 59:                 _delay((unsigned long)((100)*(48000000/4000.0)));
   431   0009A0  0E07               	movlw	7
   432   0009A2  6E02               	movwf	(??_main+1)^0,c
   433   0009A4  0E17               	movlw	23
   434   0009A6  6E01               	movwf	??_main^0,c
   435   0009A8  0E6A               	movlw	106
   436   0009AA                     u227:
   437   0009AA  2EE8               	decfsz	wreg,f,c
   438   0009AC  D7FE               	bra	u227
   439   0009AE  2E01               	decfsz	??_main^0,f,c
   440   0009B0  D7FC               	bra	u227
   441   0009B2  2E02               	decfsz	(??_main+1)^0,f,c
   442   0009B4  D7FA               	bra	u227
   443   0009B6  D000               	nop2	
   444   0009B8                     
   445                           ;juegoDeLuces.c: 60:                 LATB = 0b00001000;
   446   0009B8  0E08               	movlw	8
   447   0009BA  6E8A               	movwf	138,c	;volatile
   448                           
   449                           ;juegoDeLuces.c: 61:                 _delay((unsigned long)((100)*(48000000/4000.0)));
   450   0009BC  0E07               	movlw	7
   451   0009BE  6E02               	movwf	(??_main+1)^0,c
   452   0009C0  0E17               	movlw	23
   453   0009C2  6E01               	movwf	??_main^0,c
   454   0009C4  0E6A               	movlw	106
   455   0009C6                     u237:
   456   0009C6  2EE8               	decfsz	wreg,f,c
   457   0009C8  D7FE               	bra	u237
   458   0009CA  2E01               	decfsz	??_main^0,f,c
   459   0009CC  D7FC               	bra	u237
   460   0009CE  2E02               	decfsz	(??_main+1)^0,f,c
   461   0009D0  D7FA               	bra	u237
   462   0009D2  D000               	nop2	
   463   0009D4                     
   464                           ;juegoDeLuces.c: 62:                 LATB = 0b00000100;
   465   0009D4  0E04               	movlw	4
   466   0009D6  6E8A               	movwf	138,c	;volatile
   467   0009D8                     
   468                           ;juegoDeLuces.c: 63:                 _delay((unsigned long)((100)*(48000000/4000.0)));
   469   0009D8  0E07               	movlw	7
   470   0009DA  6E02               	movwf	(??_main+1)^0,c
   471   0009DC  0E17               	movlw	23
   472   0009DE  6E01               	movwf	??_main^0,c
   473   0009E0  0E6A               	movlw	106
   474   0009E2                     u247:
   475   0009E2  2EE8               	decfsz	wreg,f,c
   476   0009E4  D7FE               	bra	u247
   477   0009E6  2E01               	decfsz	??_main^0,f,c
   478   0009E8  D7FC               	bra	u247
   479   0009EA  2E02               	decfsz	(??_main+1)^0,f,c
   480   0009EC  D7FA               	bra	u247
   481   0009EE  D000               	nop2	
   482                           
   483                           ;juegoDeLuces.c: 64:                 LATB = 0b00000010;
   484   0009F0  0E02               	movlw	2
   485   0009F2  6E8A               	movwf	138,c	;volatile
   486   0009F4                     
   487                           ;juegoDeLuces.c: 65:                 _delay((unsigned long)((100)*(48000000/4000.0)));
   488   0009F4  0E07               	movlw	7
   489   0009F6  6E02               	movwf	(??_main+1)^0,c
   490   0009F8  0E17               	movlw	23
   491   0009FA  6E01               	movwf	??_main^0,c
   492   0009FC  0E6A               	movlw	106
   493   0009FE                     u257:
   494   0009FE  2EE8               	decfsz	wreg,f,c
   495   000A00  D7FE               	bra	u257
   496   000A02  2E01               	decfsz	??_main^0,f,c
   497   000A04  D7FC               	bra	u257
   498   000A06  2E02               	decfsz	(??_main+1)^0,f,c
   499   000A08  D7FA               	bra	u257
   500   000A0A  D000               	nop2	
   501   000A0C                     
   502                           ;juegoDeLuces.c: 66:                 LATB = 0b00000001;
   503   000A0C  0E01               	movlw	1
   504   000A0E  6E8A               	movwf	138,c	;volatile
   505                           
   506                           ;juegoDeLuces.c: 67:                 _delay((unsigned long)((100)*(48000000/4000.0)));
   507   000A10  0E07               	movlw	7
   508   000A12  6E02               	movwf	(??_main+1)^0,c
   509   000A14  0E17               	movlw	23
   510   000A16  6E01               	movwf	??_main^0,c
   511   000A18  0E6A               	movlw	106
   512   000A1A                     u267:
   513   000A1A  2EE8               	decfsz	wreg,f,c
   514   000A1C  D7FE               	bra	u267
   515   000A1E  2E01               	decfsz	??_main^0,f,c
   516   000A20  D7FC               	bra	u267
   517   000A22  2E02               	decfsz	(??_main+1)^0,f,c
   518   000A24  D7FA               	bra	u267
   519   000A26  D000               	nop2	
   520   000A28                     
   521                           ;juegoDeLuces.c: 68:             }
   522   000A28  4A05               	infsnz	main@i_178^0,f,c
   523   000A2A  2A06               	incf	(main@i_178+1)^0,f,c
   524   000A2C  BE06               	btfsc	(main@i_178+1)^0,7,c
   525   000A2E  EF22  F005         	goto	u41
   526   000A32  5006               	movf	(main@i_178+1)^0,w,c
   527   000A34  E109               	bnz	u40
   528   000A36  0E04               	movlw	4
   529   000A38  5C05               	subwf	main@i_178^0,w,c
   530   000A3A  A0D8               	btfss	status,0,c
   531   000A3C  EF22  F005         	goto	u41
   532   000A40  EF24  F005         	goto	u40
   533   000A44                     u41:
   534   000A44  EFA4  F004         	goto	l766
   535   000A48                     u40:
   536   000A48  EF0C  F004         	goto	l728
   537   000A4C                     l22:
   538   000A4C  A483               	btfss	131,2,c	;volatile
   539   000A4E  EF2B  F005         	goto	u51
   540   000A52  EF2D  F005         	goto	u50
   541   000A56                     u51:
   542   000A56  EFA5  F005         	goto	l26
   543   000A5A                     u50:
   544   000A5A                     
   545                           ;juegoDeLuces.c: 71:             for (int i = 0; i < 4; i++) {
   546   000A5A  0E00               	movlw	0
   547   000A5C  6E08               	movwf	(main@i_179+1)^0,c
   548   000A5E  0E00               	movlw	0
   549   000A60  6E07               	movwf	main@i_179^0,c
   550   000A62                     l796:
   551                           
   552                           ;juegoDeLuces.c: 72:                 LATB = 0b10000001;
   553   000A62  0E81               	movlw	129
   554   000A64  6E8A               	movwf	138,c	;volatile
   555   000A66                     
   556                           ;juegoDeLuces.c: 73:                 _delay((unsigned long)((100)*(48000000/4000.0)));
   557   000A66  0E07               	movlw	7
   558   000A68  6E02               	movwf	(??_main+1)^0,c
   559   000A6A  0E17               	movlw	23
   560   000A6C  6E01               	movwf	??_main^0,c
   561   000A6E  0E6A               	movlw	106
   562   000A70                     u277:
   563   000A70  2EE8               	decfsz	wreg,f,c
   564   000A72  D7FE               	bra	u277
   565   000A74  2E01               	decfsz	??_main^0,f,c
   566   000A76  D7FC               	bra	u277
   567   000A78  2E02               	decfsz	(??_main+1)^0,f,c
   568   000A7A  D7FA               	bra	u277
   569   000A7C  D000               	nop2	
   570   000A7E                     
   571                           ;juegoDeLuces.c: 74:                 LATB = 0b01000010;
   572   000A7E  0E42               	movlw	66
   573   000A80  6E8A               	movwf	138,c	;volatile
   574                           
   575                           ;juegoDeLuces.c: 75:                 _delay((unsigned long)((100)*(48000000/4000.0)));
   576   000A82  0E07               	movlw	7
   577   000A84  6E02               	movwf	(??_main+1)^0,c
   578   000A86  0E17               	movlw	23
   579   000A88  6E01               	movwf	??_main^0,c
   580   000A8A  0E6A               	movlw	106
   581   000A8C                     u287:
   582   000A8C  2EE8               	decfsz	wreg,f,c
   583   000A8E  D7FE               	bra	u287
   584   000A90  2E01               	decfsz	??_main^0,f,c
   585   000A92  D7FC               	bra	u287
   586   000A94  2E02               	decfsz	(??_main+1)^0,f,c
   587   000A96  D7FA               	bra	u287
   588   000A98  D000               	nop2	
   589   000A9A                     
   590                           ;juegoDeLuces.c: 76:                 LATB = 0b00100100;
   591   000A9A  0E24               	movlw	36
   592   000A9C  6E8A               	movwf	138,c	;volatile
   593   000A9E                     
   594                           ;juegoDeLuces.c: 77:                 _delay((unsigned long)((100)*(48000000/4000.0)));
   595   000A9E  0E07               	movlw	7
   596   000AA0  6E02               	movwf	(??_main+1)^0,c
   597   000AA2  0E17               	movlw	23
   598   000AA4  6E01               	movwf	??_main^0,c
   599   000AA6  0E6A               	movlw	106
   600   000AA8                     u297:
   601   000AA8  2EE8               	decfsz	wreg,f,c
   602   000AAA  D7FE               	bra	u297
   603   000AAC  2E01               	decfsz	??_main^0,f,c
   604   000AAE  D7FC               	bra	u297
   605   000AB0  2E02               	decfsz	(??_main+1)^0,f,c
   606   000AB2  D7FA               	bra	u297
   607   000AB4  D000               	nop2	
   608                           
   609                           ;juegoDeLuces.c: 78:                 LATB = 0b00011000;
   610   000AB6  0E18               	movlw	24
   611   000AB8  6E8A               	movwf	138,c	;volatile
   612   000ABA                     
   613                           ;juegoDeLuces.c: 79:                 _delay((unsigned long)((100)*(48000000/4000.0)));
   614   000ABA  0E07               	movlw	7
   615   000ABC  6E02               	movwf	(??_main+1)^0,c
   616   000ABE  0E17               	movlw	23
   617   000AC0  6E01               	movwf	??_main^0,c
   618   000AC2  0E6A               	movlw	106
   619   000AC4                     u307:
   620   000AC4  2EE8               	decfsz	wreg,f,c
   621   000AC6  D7FE               	bra	u307
   622   000AC8  2E01               	decfsz	??_main^0,f,c
   623   000ACA  D7FC               	bra	u307
   624   000ACC  2E02               	decfsz	(??_main+1)^0,f,c
   625   000ACE  D7FA               	bra	u307
   626   000AD0  D000               	nop2	
   627   000AD2                     
   628                           ;juegoDeLuces.c: 80:                 LATB = 0b00100100;
   629   000AD2  0E24               	movlw	36
   630   000AD4  6E8A               	movwf	138,c	;volatile
   631                           
   632                           ;juegoDeLuces.c: 81:                 _delay((unsigned long)((100)*(48000000/4000.0)));
   633   000AD6  0E07               	movlw	7
   634   000AD8  6E02               	movwf	(??_main+1)^0,c
   635   000ADA  0E17               	movlw	23
   636   000ADC  6E01               	movwf	??_main^0,c
   637   000ADE  0E6A               	movlw	106
   638   000AE0                     u317:
   639   000AE0  2EE8               	decfsz	wreg,f,c
   640   000AE2  D7FE               	bra	u317
   641   000AE4  2E01               	decfsz	??_main^0,f,c
   642   000AE6  D7FC               	bra	u317
   643   000AE8  2E02               	decfsz	(??_main+1)^0,f,c
   644   000AEA  D7FA               	bra	u317
   645   000AEC  D000               	nop2	
   646   000AEE                     
   647                           ;juegoDeLuces.c: 82:                  LATB = 0b01000010;
   648   000AEE  0E42               	movlw	66
   649   000AF0  6E8A               	movwf	138,c	;volatile
   650   000AF2                     
   651                           ;juegoDeLuces.c: 83:                 _delay((unsigned long)((100)*(48000000/4000.0)));
   652   000AF2  0E07               	movlw	7
   653   000AF4  6E02               	movwf	(??_main+1)^0,c
   654   000AF6  0E17               	movlw	23
   655   000AF8  6E01               	movwf	??_main^0,c
   656   000AFA  0E6A               	movlw	106
   657   000AFC                     u327:
   658   000AFC  2EE8               	decfsz	wreg,f,c
   659   000AFE  D7FE               	bra	u327
   660   000B00  2E01               	decfsz	??_main^0,f,c
   661   000B02  D7FC               	bra	u327
   662   000B04  2E02               	decfsz	(??_main+1)^0,f,c
   663   000B06  D7FA               	bra	u327
   664   000B08  D000               	nop2	
   665                           
   666                           ;juegoDeLuces.c: 84:                 LATB = 0b10000001;
   667   000B0A  0E81               	movlw	129
   668   000B0C  6E8A               	movwf	138,c	;volatile
   669   000B0E                     
   670                           ;juegoDeLuces.c: 85:                 _delay((unsigned long)((100)*(48000000/4000.0)));
   671   000B0E  0E07               	movlw	7
   672   000B10  6E02               	movwf	(??_main+1)^0,c
   673   000B12  0E17               	movlw	23
   674   000B14  6E01               	movwf	??_main^0,c
   675   000B16  0E6A               	movlw	106
   676   000B18                     u337:
   677   000B18  2EE8               	decfsz	wreg,f,c
   678   000B1A  D7FE               	bra	u337
   679   000B1C  2E01               	decfsz	??_main^0,f,c
   680   000B1E  D7FC               	bra	u337
   681   000B20  2E02               	decfsz	(??_main+1)^0,f,c
   682   000B22  D7FA               	bra	u337
   683   000B24  D000               	nop2	
   684   000B26                     
   685                           ;juegoDeLuces.c: 86:             }
   686   000B26  4A07               	infsnz	main@i_179^0,f,c
   687   000B28  2A08               	incf	(main@i_179+1)^0,f,c
   688   000B2A  BE08               	btfsc	(main@i_179+1)^0,7,c
   689   000B2C  EFA1  F005         	goto	u61
   690   000B30  5008               	movf	(main@i_179+1)^0,w,c
   691   000B32  E109               	bnz	u60
   692   000B34  0E04               	movlw	4
   693   000B36  5C07               	subwf	main@i_179^0,w,c
   694   000B38  A0D8               	btfss	status,0,c
   695   000B3A  EFA1  F005         	goto	u61
   696   000B3E  EFA3  F005         	goto	u60
   697   000B42                     u61:
   698   000B42  EF31  F005         	goto	l796
   699   000B46                     u60:
   700   000B46  EF0C  F004         	goto	l728
   701   000B4A                     l26:
   702   000B4A  A683               	btfss	131,3,c	;volatile
   703   000B4C  EFAA  F005         	goto	u71
   704   000B50  EFAC  F005         	goto	u70
   705   000B54                     u71:
   706   000B54  EFDC  F005         	goto	l30
   707   000B58                     u70:
   708   000B58                     
   709                           ;juegoDeLuces.c: 89:             for (int i = 0; i < 4; i++) {
   710   000B58  0E00               	movlw	0
   711   000B5A  6E0A               	movwf	(main@i_180+1)^0,c
   712   000B5C  0E00               	movlw	0
   713   000B5E  6E09               	movwf	main@i_180^0,c
   714   000B60                     l826:
   715                           
   716                           ;juegoDeLuces.c: 90:                 LATB = 0b00001111;
   717   000B60  0E0F               	movlw	15
   718   000B62  6E8A               	movwf	138,c	;volatile
   719   000B64                     
   720                           ;juegoDeLuces.c: 91:                 _delay((unsigned long)((400)*(48000000/4000.0)));
   721   000B64  0E19               	movlw	25
   722   000B66  6E02               	movwf	(??_main+1)^0,c
   723   000B68  0E5A               	movlw	90
   724   000B6A  6E01               	movwf	??_main^0,c
   725   000B6C  0EB2               	movlw	178
   726   000B6E                     u347:
   727   000B6E  2EE8               	decfsz	wreg,f,c
   728   000B70  D7FE               	bra	u347
   729   000B72  2E01               	decfsz	??_main^0,f,c
   730   000B74  D7FC               	bra	u347
   731   000B76  2E02               	decfsz	(??_main+1)^0,f,c
   732   000B78  D7FA               	bra	u347
   733   000B7A                     
   734                           ;juegoDeLuces.c: 92:                 LATB = 0b11110000;
   735   000B7A  0EF0               	movlw	240
   736   000B7C  6E8A               	movwf	138,c	;volatile
   737                           
   738                           ;juegoDeLuces.c: 93:                 _delay((unsigned long)((400)*(48000000/4000.0)));
   739   000B7E  0E19               	movlw	25
   740   000B80  6E02               	movwf	(??_main+1)^0,c
   741   000B82  0E5A               	movlw	90
   742   000B84  6E01               	movwf	??_main^0,c
   743   000B86  0EB2               	movlw	178
   744   000B88                     u357:
   745   000B88  2EE8               	decfsz	wreg,f,c
   746   000B8A  D7FE               	bra	u357
   747   000B8C  2E01               	decfsz	??_main^0,f,c
   748   000B8E  D7FC               	bra	u357
   749   000B90  2E02               	decfsz	(??_main+1)^0,f,c
   750   000B92  D7FA               	bra	u357
   751   000B94                     
   752                           ;juegoDeLuces.c: 94:             }
   753   000B94  4A09               	infsnz	main@i_180^0,f,c
   754   000B96  2A0A               	incf	(main@i_180+1)^0,f,c
   755   000B98  BE0A               	btfsc	(main@i_180+1)^0,7,c
   756   000B9A  EFD8  F005         	goto	u81
   757   000B9E  500A               	movf	(main@i_180+1)^0,w,c
   758   000BA0  E109               	bnz	u80
   759   000BA2  0E04               	movlw	4
   760   000BA4  5C09               	subwf	main@i_180^0,w,c
   761   000BA6  A0D8               	btfss	status,0,c
   762   000BA8  EFD8  F005         	goto	u81
   763   000BAC  EFDA  F005         	goto	u80
   764   000BB0                     u81:
   765   000BB0  EFB0  F005         	goto	l826
   766   000BB4                     u80:
   767   000BB4  EF0C  F004         	goto	l728
   768   000BB8                     l30:
   769   000BB8  A883               	btfss	131,4,c	;volatile
   770   000BBA  EFE1  F005         	goto	u91
   771   000BBE  EFE3  F005         	goto	u90
   772   000BC2                     u91:
   773   000BC2  EF69  F006         	goto	l864
   774   000BC6                     u90:
   775   000BC6                     
   776                           ;juegoDeLuces.c: 97:             for (int i = 0; i < 4; i++) {
   777   000BC6  0E00               	movlw	0
   778   000BC8  6E0C               	movwf	(main@i_181+1)^0,c
   779   000BCA  0E00               	movlw	0
   780   000BCC  6E0B               	movwf	main@i_181^0,c
   781   000BCE                     l840:
   782                           
   783                           ;juegoDeLuces.c: 98:                 LATB = 0b00000001;
   784   000BCE  0E01               	movlw	1
   785   000BD0  6E8A               	movwf	138,c	;volatile
   786   000BD2                     
   787                           ;juegoDeLuces.c: 99:                 _delay((unsigned long)((100)*(48000000/4000.0)));
   788   000BD2  0E07               	movlw	7
   789   000BD4  6E02               	movwf	(??_main+1)^0,c
   790   000BD6  0E17               	movlw	23
   791   000BD8  6E01               	movwf	??_main^0,c
   792   000BDA  0E6A               	movlw	106
   793   000BDC                     u367:
   794   000BDC  2EE8               	decfsz	wreg,f,c
   795   000BDE  D7FE               	bra	u367
   796   000BE0  2E01               	decfsz	??_main^0,f,c
   797   000BE2  D7FC               	bra	u367
   798   000BE4  2E02               	decfsz	(??_main+1)^0,f,c
   799   000BE6  D7FA               	bra	u367
   800   000BE8  D000               	nop2	
   801   000BEA                     
   802                           ;juegoDeLuces.c: 100:                 LATB = 0b00000011;
   803   000BEA  0E03               	movlw	3
   804   000BEC  6E8A               	movwf	138,c	;volatile
   805                           
   806                           ;juegoDeLuces.c: 101:                 _delay((unsigned long)((100)*(48000000/4000.0)));
   807   000BEE  0E07               	movlw	7
   808   000BF0  6E02               	movwf	(??_main+1)^0,c
   809   000BF2  0E17               	movlw	23
   810   000BF4  6E01               	movwf	??_main^0,c
   811   000BF6  0E6A               	movlw	106
   812   000BF8                     u377:
   813   000BF8  2EE8               	decfsz	wreg,f,c
   814   000BFA  D7FE               	bra	u377
   815   000BFC  2E01               	decfsz	??_main^0,f,c
   816   000BFE  D7FC               	bra	u377
   817   000C00  2E02               	decfsz	(??_main+1)^0,f,c
   818   000C02  D7FA               	bra	u377
   819   000C04  D000               	nop2	
   820   000C06                     
   821                           ;juegoDeLuces.c: 102:                 LATB = 0b00000111;
   822   000C06  0E07               	movlw	7
   823   000C08  6E8A               	movwf	138,c	;volatile
   824   000C0A                     
   825                           ;juegoDeLuces.c: 103:                 _delay((unsigned long)((100)*(48000000/4000.0)));
   826   000C0A  0E07               	movlw	7
   827   000C0C  6E02               	movwf	(??_main+1)^0,c
   828   000C0E  0E17               	movlw	23
   829   000C10  6E01               	movwf	??_main^0,c
   830   000C12  0E6A               	movlw	106
   831   000C14                     u387:
   832   000C14  2EE8               	decfsz	wreg,f,c
   833   000C16  D7FE               	bra	u387
   834   000C18  2E01               	decfsz	??_main^0,f,c
   835   000C1A  D7FC               	bra	u387
   836   000C1C  2E02               	decfsz	(??_main+1)^0,f,c
   837   000C1E  D7FA               	bra	u387
   838   000C20  D000               	nop2	
   839                           
   840                           ;juegoDeLuces.c: 104:                 LATB = 0b00001111;
   841   000C22  0E0F               	movlw	15
   842   000C24  6E8A               	movwf	138,c	;volatile
   843   000C26                     
   844                           ;juegoDeLuces.c: 105:                 _delay((unsigned long)((100)*(48000000/4000.0)));
   845   000C26  0E07               	movlw	7
   846   000C28  6E02               	movwf	(??_main+1)^0,c
   847   000C2A  0E17               	movlw	23
   848   000C2C  6E01               	movwf	??_main^0,c
   849   000C2E  0E6A               	movlw	106
   850   000C30                     u397:
   851   000C30  2EE8               	decfsz	wreg,f,c
   852   000C32  D7FE               	bra	u397
   853   000C34  2E01               	decfsz	??_main^0,f,c
   854   000C36  D7FC               	bra	u397
   855   000C38  2E02               	decfsz	(??_main+1)^0,f,c
   856   000C3A  D7FA               	bra	u397
   857   000C3C  D000               	nop2	
   858   000C3E                     
   859                           ;juegoDeLuces.c: 106:                  LATB = 0b00010000;
   860   000C3E  0E10               	movlw	16
   861   000C40  6E8A               	movwf	138,c	;volatile
   862                           
   863                           ;juegoDeLuces.c: 107:                 _delay((unsigned long)((100)*(48000000/4000.0)));
   864   000C42  0E07               	movlw	7
   865   000C44  6E02               	movwf	(??_main+1)^0,c
   866   000C46  0E17               	movlw	23
   867   000C48  6E01               	movwf	??_main^0,c
   868   000C4A  0E6A               	movlw	106
   869   000C4C                     u407:
   870   000C4C  2EE8               	decfsz	wreg,f,c
   871   000C4E  D7FE               	bra	u407
   872   000C50  2E01               	decfsz	??_main^0,f,c
   873   000C52  D7FC               	bra	u407
   874   000C54  2E02               	decfsz	(??_main+1)^0,f,c
   875   000C56  D7FA               	bra	u407
   876   000C58  D000               	nop2	
   877   000C5A                     
   878                           ;juegoDeLuces.c: 108:                 LATB = 0b00110000;
   879   000C5A  0E30               	movlw	48
   880   000C5C  6E8A               	movwf	138,c	;volatile
   881   000C5E                     
   882                           ;juegoDeLuces.c: 109:                 _delay((unsigned long)((100)*(48000000/4000.0)));
   883   000C5E  0E07               	movlw	7
   884   000C60  6E02               	movwf	(??_main+1)^0,c
   885   000C62  0E17               	movlw	23
   886   000C64  6E01               	movwf	??_main^0,c
   887   000C66  0E6A               	movlw	106
   888   000C68                     u417:
   889   000C68  2EE8               	decfsz	wreg,f,c
   890   000C6A  D7FE               	bra	u417
   891   000C6C  2E01               	decfsz	??_main^0,f,c
   892   000C6E  D7FC               	bra	u417
   893   000C70  2E02               	decfsz	(??_main+1)^0,f,c
   894   000C72  D7FA               	bra	u417
   895   000C74  D000               	nop2	
   896                           
   897                           ;juegoDeLuces.c: 110:                 LATB = 0b01110000;
   898   000C76  0E70               	movlw	112
   899   000C78  6E8A               	movwf	138,c	;volatile
   900   000C7A                     
   901                           ;juegoDeLuces.c: 111:                 _delay((unsigned long)((100)*(48000000/4000.0)));
   902   000C7A  0E07               	movlw	7
   903   000C7C  6E02               	movwf	(??_main+1)^0,c
   904   000C7E  0E17               	movlw	23
   905   000C80  6E01               	movwf	??_main^0,c
   906   000C82  0E6A               	movlw	106
   907   000C84                     u427:
   908   000C84  2EE8               	decfsz	wreg,f,c
   909   000C86  D7FE               	bra	u427
   910   000C88  2E01               	decfsz	??_main^0,f,c
   911   000C8A  D7FC               	bra	u427
   912   000C8C  2E02               	decfsz	(??_main+1)^0,f,c
   913   000C8E  D7FA               	bra	u427
   914   000C90  D000               	nop2	
   915   000C92                     
   916                           ;juegoDeLuces.c: 112:                 LATB = 0b11110000;
   917   000C92  0EF0               	movlw	240
   918   000C94  6E8A               	movwf	138,c	;volatile
   919                           
   920                           ;juegoDeLuces.c: 113:                 _delay((unsigned long)((100)*(48000000/4000.0)));
   921   000C96  0E07               	movlw	7
   922   000C98  6E02               	movwf	(??_main+1)^0,c
   923   000C9A  0E17               	movlw	23
   924   000C9C  6E01               	movwf	??_main^0,c
   925   000C9E  0E6A               	movlw	106
   926   000CA0                     u437:
   927   000CA0  2EE8               	decfsz	wreg,f,c
   928   000CA2  D7FE               	bra	u437
   929   000CA4  2E01               	decfsz	??_main^0,f,c
   930   000CA6  D7FC               	bra	u437
   931   000CA8  2E02               	decfsz	(??_main+1)^0,f,c
   932   000CAA  D7FA               	bra	u437
   933   000CAC  D000               	nop2	
   934   000CAE                     
   935                           ;juegoDeLuces.c: 114:             }
   936   000CAE  4A0B               	infsnz	main@i_181^0,f,c
   937   000CB0  2A0C               	incf	(main@i_181+1)^0,f,c
   938   000CB2  BE0C               	btfsc	(main@i_181+1)^0,7,c
   939   000CB4  EF65  F006         	goto	u101
   940   000CB8  500C               	movf	(main@i_181+1)^0,w,c
   941   000CBA  E109               	bnz	u100
   942   000CBC  0E04               	movlw	4
   943   000CBE  5C0B               	subwf	main@i_181^0,w,c
   944   000CC0  A0D8               	btfss	status,0,c
   945   000CC2  EF65  F006         	goto	u101
   946   000CC6  EF67  F006         	goto	u100
   947   000CCA                     u101:
   948   000CCA  EFE7  F005         	goto	l840
   949   000CCE                     u100:
   950   000CCE  EF0C  F004         	goto	l728
   951   000CD2                     l864:
   952                           
   953                           ;juegoDeLuces.c: 117:             LATB = 0b00000000;
   954   000CD2  0E00               	movlw	0
   955   000CD4  6E8A               	movwf	138,c	;volatile
   956   000CD6  EF0C  F004         	goto	l728
   957   000CDA  EF00  F000         	goto	start
   958   000CDE                     __end_of_main:
   959                           	callstack 0
   960                           
   961                           	psect	smallconst
   962   000800                     __psmallconst:
   963                           	callstack 0
   964   000800  00                 	db	0
   965   000801  00                 	db	0	; dummy byte at the end
   966   000000                     
   967                           	psect	rparam
   968   000000                     
   969                           	psect	config
   970                           
   971                           ;Config register CONFIG1L @ 0x300000
   972                           ;	PLL Prescaler Selection bits
   973                           ;	PLLDIV = 2, Divide by 2 (8 MHz oscillator input)
   974                           ;	System Clock Postscaler Selection bits
   975                           ;	CPUDIV = OSC1_PLL2, [Primary Oscillator Src: /1][96 MHz PLL Src: /2]
   976                           ;	USB Clock Selection bit (used in Full-Speed USB mode only; UCFG:FSEN = 1)
   977                           ;	USBDIV = 2, USB clock source comes from the 96 MHz PLL divided by 2
   978   300000                     	org	3145728
   979   300000  21                 	db	33
   980                           
   981                           ;Config register CONFIG1H @ 0x300001
   982                           ;	Oscillator Selection bits
   983                           ;	FOSC = HSPLL_HS, HS oscillator, PLL enabled (HSPLL)
   984                           ;	Fail-Safe Clock Monitor Enable bit
   985                           ;	FCMEN = OFF, Fail-Safe Clock Monitor disabled
   986                           ;	Internal/External Oscillator Switchover bit
   987                           ;	IESO = OFF, Oscillator Switchover mode disabled
   988   300001                     	org	3145729
   989   300001  0E                 	db	14
   990                           
   991                           ;Config register CONFIG2L @ 0x300002
   992                           ;	Power-up Timer Enable bit
   993                           ;	PWRT = OFF, PWRT disabled
   994                           ;	Brown-out Reset Enable bits
   995                           ;	BOR = OFF, Brown-out Reset disabled in hardware and software
   996                           ;	Brown-out Reset Voltage bits
   997                           ;	BORV = 3, Minimum setting 2.05V
   998                           ;	USB Voltage Regulator Enable bit
   999                           ;	VREGEN = OFF, USB voltage regulator disabled
  1000   300002                     	org	3145730
  1001   300002  19                 	db	25
  1002                           
  1003                           ;Config register CONFIG2H @ 0x300003
  1004                           ;	Watchdog Timer Enable bit
  1005                           ;	WDT = OFF, WDT disabled (control is placed on the SWDTEN bit)
  1006                           ;	Watchdog Timer Postscale Select bits
  1007                           ;	WDTPS = 32768, 1:32768
  1008   300003                     	org	3145731
  1009   300003  1E                 	db	30
  1010                           
  1011                           ; Padding undefined space
  1012   300004                     	org	3145732
  1013   300004  FF                 	db	255
  1014                           
  1015                           ;Config register CONFIG3H @ 0x300005
  1016                           ;	CCP2 MUX bit
  1017                           ;	CCP2MX = ON, CCP2 input/output is multiplexed with RC1
  1018                           ;	PORTB A/D Enable bit
  1019                           ;	PBADEN = OFF, PORTB<4:0> pins are configured as digital I/O on Reset
  1020                           ;	Low-Power Timer 1 Oscillator Enable bit
  1021                           ;	LPT1OSC = OFF, Timer1 configured for higher power operation
  1022                           ;	MCLR Pin Enable bit
  1023                           ;	MCLRE = ON, MCLR pin enabled; RE3 input pin disabled
  1024   300005                     	org	3145733
  1025   300005  81                 	db	129
  1026                           
  1027                           ;Config register CONFIG4L @ 0x300006
  1028                           ;	Stack Full/Underflow Reset Enable bit
  1029                           ;	STVREN = ON, Stack full/underflow will cause Reset
  1030                           ;	Single-Supply ICSP Enable bit
  1031                           ;	LVP = OFF, Single-Supply ICSP disabled
  1032                           ;	Dedicated In-Circuit Debug/Programming Port (ICPORT) Enable bit
  1033                           ;	ICPRT = OFF, ICPORT disabled
  1034                           ;	Extended Instruction Set Enable bit
  1035                           ;	XINST = OFF, Instruction set extension and Indexed Addressing mode disabled (Legacy mo
      +                          de)
  1036                           ;	Background Debugger Enable bit
  1037                           ;	DEBUG = 0x1, unprogrammed default
  1038   300006                     	org	3145734
  1039   300006  81                 	db	129
  1040                           
  1041                           ; Padding undefined space
  1042   300007                     	org	3145735
  1043   300007  FF                 	db	255
  1044                           
  1045                           ;Config register CONFIG5L @ 0x300008
  1046                           ;	Code Protection bit
  1047                           ;	CP0 = OFF, Block 0 (000800-001FFFh) is not code-protected
  1048                           ;	Code Protection bit
  1049                           ;	CP1 = OFF, Block 1 (002000-003FFFh) is not code-protected
  1050                           ;	Code Protection bit
  1051                           ;	CP2 = OFF, Block 2 (004000-005FFFh) is not code-protected
  1052                           ;	Code Protection bit
  1053                           ;	CP3 = OFF, Block 3 (006000-007FFFh) is not code-protected
  1054   300008                     	org	3145736
  1055   300008  0F                 	db	15
  1056                           
  1057                           ;Config register CONFIG5H @ 0x300009
  1058                           ;	Boot Block Code Protection bit
  1059                           ;	CPB = OFF, Boot block (000000-0007FFh) is not code-protected
  1060                           ;	Data EEPROM Code Protection bit
  1061                           ;	CPD = OFF, Data EEPROM is not code-protected
  1062   300009                     	org	3145737
  1063   300009  C0                 	db	192
  1064                           
  1065                           ;Config register CONFIG6L @ 0x30000A
  1066                           ;	Write Protection bit
  1067                           ;	WRT0 = OFF, Block 0 (000800-001FFFh) is not write-protected
  1068                           ;	Write Protection bit
  1069                           ;	WRT1 = OFF, Block 1 (002000-003FFFh) is not write-protected
  1070                           ;	Write Protection bit
  1071                           ;	WRT2 = OFF, Block 2 (004000-005FFFh) is not write-protected
  1072                           ;	Write Protection bit
  1073                           ;	WRT3 = OFF, Block 3 (006000-007FFFh) is not write-protected
  1074   30000A                     	org	3145738
  1075   30000A  0F                 	db	15
  1076                           
  1077                           ;Config register CONFIG6H @ 0x30000B
  1078                           ;	Configuration Register Write Protection bit
  1079                           ;	WRTC = OFF, Configuration registers (300000-3000FFh) are not write-protected
  1080                           ;	Boot Block Write Protection bit
  1081                           ;	WRTB = OFF, Boot block (000000-0007FFh) is not write-protected
  1082                           ;	Data EEPROM Write Protection bit
  1083                           ;	WRTD = OFF, Data EEPROM is not write-protected
  1084   30000B                     	org	3145739
  1085   30000B  E0                 	db	224
  1086                           
  1087                           ;Config register CONFIG7L @ 0x30000C
  1088                           ;	Table Read Protection bit
  1089                           ;	EBTR0 = OFF, Block 0 (000800-001FFFh) is not protected from table reads executed in ot
      +                          her blocks
  1090                           ;	Table Read Protection bit
  1091                           ;	EBTR1 = OFF, Block 1 (002000-003FFFh) is not protected from table reads executed in ot
      +                          her blocks
  1092                           ;	Table Read Protection bit
  1093                           ;	EBTR2 = OFF, Block 2 (004000-005FFFh) is not protected from table reads executed in ot
      +                          her blocks
  1094                           ;	Table Read Protection bit
  1095                           ;	EBTR3 = OFF, Block 3 (006000-007FFFh) is not protected from table reads executed in ot
      +                          her blocks
  1096   30000C                     	org	3145740
  1097   30000C  0F                 	db	15
  1098                           
  1099                           ;Config register CONFIG7H @ 0x30000D
  1100                           ;	Boot Block Table Read Protection bit
  1101                           ;	EBTRB = OFF, Boot block (000000-0007FFh) is not protected from table reads executed in
      +                           other blocks
  1102   30000D                     	org	3145741
  1103   30000D  40                 	db	64
  1104                           tosu	equ	0xFFF
  1105                           tosh	equ	0xFFE
  1106                           tosl	equ	0xFFD
  1107                           stkptr	equ	0xFFC
  1108                           pclatu	equ	0xFFB
  1109                           pclath	equ	0xFFA
  1110                           pcl	equ	0xFF9
  1111                           tblptru	equ	0xFF8
  1112                           tblptrh	equ	0xFF7
  1113                           tblptrl	equ	0xFF6
  1114                           tablat	equ	0xFF5
  1115                           prodh	equ	0xFF4
  1116                           prodl	equ	0xFF3
  1117                           indf0	equ	0xFEF
  1118                           postinc0	equ	0xFEE
  1119                           postdec0	equ	0xFED
  1120                           preinc0	equ	0xFEC
  1121                           plusw0	equ	0xFEB
  1122                           fsr0h	equ	0xFEA
  1123                           fsr0l	equ	0xFE9
  1124                           wreg	equ	0xFE8
  1125                           indf1	equ	0xFE7
  1126                           postinc1	equ	0xFE6
  1127                           postdec1	equ	0xFE5
  1128                           preinc1	equ	0xFE4
  1129                           plusw1	equ	0xFE3
  1130                           fsr1h	equ	0xFE2
  1131                           fsr1l	equ	0xFE1
  1132                           bsr	equ	0xFE0
  1133                           indf2	equ	0xFDF
  1134                           postinc2	equ	0xFDE
  1135                           postdec2	equ	0xFDD
  1136                           preinc2	equ	0xFDC
  1137                           plusw2	equ	0xFDB
  1138                           fsr2h	equ	0xFDA
  1139                           fsr2l	equ	0xFD9
  1140                           status	equ	0xFD8

Data Sizes:
    Strings     0
    Constant    0
    Data        0
    BSS         0
    Persistent  0
    Stack       0

Auto Spaces:
    Space          Size  Autos    Used
    COMRAM           95     12      12
    BANK0           160      0       0
    BANK1           256      0       0
    BANK2           256      0       0
    BANK3           256      0       0
    BANK4           256      0       0
    BANK5           256      0       0
    BANK6           256      0       0
    BANK7           256      0       0

Pointer List with Targets:

    None.

Critical Paths under _main in COMRAM

    None.

Critical Paths under _main in BANK0

    None.

Critical Paths under _main in BANK1

    None.

Critical Paths under _main in BANK2

    None.

Critical Paths under _main in BANK3

    None.

Critical Paths under _main in BANK4

    None.

Critical Paths under _main in BANK5

    None.

Critical Paths under _main in BANK6

    None.

Critical Paths under _main in BANK7

    None.

Call Graph Tables:

 ---------------------------------------------------------------------------------
 (Depth) Function   	        Calls       Base Space   Used Autos Params    Refs
 ---------------------------------------------------------------------------------
 (0) _main                                                12    12      0     150
                                              0 COMRAM    12    12      0
 ---------------------------------------------------------------------------------
 Estimated maximum stack depth 0
 ---------------------------------------------------------------------------------

 Call Graph Graphs:

 _main (ROOT)

 Address spaces:
Name               Size   Autos  Total    Cost      Usage
BITCOMRAM           5F      0       0       0        0.0%
EEDATA             100      0       0       0        0.0%
NULL                 0      0       0       0        0.0%
CODE                 0      0       0       0        0.0%
COMRAM              5F      C       C       1       12.6%
STACK                0      0       0       2        0.0%
ABS                  0      0       0       3        0.0%
DATA                 0      0       0       4        0.0%
BITBANK0            A0      0       0       5        0.0%
BANK0               A0      0       0       6        0.0%
BITBANK1           100      0       0       7        0.0%
BANK1              100      0       0       8        0.0%
BITBANK2           100      0       0       9        0.0%
BANK2              100      0       0      10        0.0%
BITBANK3           100      0       0      11        0.0%
BANK3              100      0       0      12        0.0%
BITBANK4           100      0       0      13        0.0%
BANK4              100      0       0      14        0.0%
BITBANK5           100      0       0      15        0.0%
BANK5              100      0       0      16        0.0%
BITBANK6           100      0       0      17        0.0%
BANK6              100      0       0      18        0.0%
BITBANK7           100      0       0      19        0.0%
BANK7              100      0       0      20        0.0%
BITBIGSFRh          3E      0       0      21        0.0%
BITBIGSFRlh         2B      0       0      22        0.0%
BITBIGSFRllh         1      0       0      23        0.0%
BITBIGSFRlllh        8      0       0      24        0.0%
BITBIGSFRllllh       6      0       0      25        0.0%
BITBIGSFRlllll      23      0       0      26        0.0%
BIGRAM             7FF      0       0      27        0.0%
BIGSFR               0      0       0     200        0.0%
BITSFR               0      0       0     200        0.0%
SFR                  0      0       0     200        0.0%


Microchip Technology PIC18 Macro Assembler V2.45 build 20230818022343 
Symbol Table                                                                                   Sun Feb 11 18:18:42 2024

                     l30 0BB8                       l22 0A4C                       l26 0B4A  
                     l18 0932                       u10 0826                       u11 0822  
                     u20 092E                       u21 092A                       u30 0940  
                     u31 093C                       u40 0A48                       u41 0A44  
                     u50 0A5A                       u51 0A56                       u60 0B46  
                     u61 0B42                       u70 0B58                       u71 0B54  
                     u80 0BB4                       u81 0BB0                       u90 0BC6  
                     u91 0BC2                      l800 0A7E                      l720 0808  
                    l810 0AEE                      l802 0A9A                      l730 0826  
                    l722 080A                      l820 0B58                      l812 0AF2  
                    l804 0A9E                      l740 084A                      l724 080C  
                    l716 0802                      l830 0B7A                      l814 0B0E  
                    l806 0ABA                      l750 08BA                      l742 0866  
                    l726 080E                      l718 0806                      l840 0BCE  
                    l832 0B94                      l816 0B26                      l808 0AD2  
                    l760 0940                      l752 08BE                      l744 086A  
                    l736 082E                      l728 0818                      l850 0C26  
                    l842 0BD2                      l834 0BC6                      l826 0B60  
                    l818 0B2A                      l770 0964                      l754 08DA  
                    l746 0886                      l738 0832                      l860 0C92  
                    l852 0C3E                      l844 0BEA                      l828 0B64  
                    l780 09D4                      l772 0980                      l756 08F2  
                    l748 089E                      l862 0CAE                      l854 0C5A  
                    l846 0C06                      l790 0A5A                      l782 09D8  
                    l774 0984                      l766 0948                      l758 090E  
                    l856 0C5E                      l848 0C0A                      l864 0CD2  
                    l784 09F4                      l776 09A0                      l768 094C  
                    l858 0C7A                      l786 0A0C                      l778 09B8  
                    l796 0A62                      l788 0A28                      l798 0A66  
                    u100 0CCE                      u101 0CCA                      u117 083C  
                    u207 0972                      u127 0858                      u217 098E  
                    u137 0874                      u307 0AC4                      u227 09AA  
                    u147 0890                      u317 0AE0                      u237 09C6  
                    u157 08AC                      u407 0C4C                      u327 0AFC  
                    u247 09E2                      u167 08C8                      u417 0C68  
                    u337 0B18                      u257 09FE                      u177 08E4  
                    u427 0C84                      u347 0B6E                      u267 0A1A  
                    u187 0900                      u437 0CA0                      u357 0B88  
                    u277 0A70                      u197 0956                      u367 0BDC  
                    u287 0A8C                      u377 0BF8                      u297 0AA8  
                    u387 0C14                      u397 0C30                      wreg 0FE8  
                   _LATB 0F8A                     _main 0802                     start 0000  
           ___param_bank 0000                    ?_main 0001                    _TRISB 0F93  
                  main@i 0003                    status 0FD8          __initialization 0CDE  
           __end_of_main 0CDE                   ??_main 0001            __activetblptr 0000  
                 isa$std 0001             __mediumconst 0000               __accesstop 0060  
__end_of__initialization 0CDE            ___rparam_used 0001           __pcstackCOMRAM 0001  
                __Hparam 0000                  __Lparam 0000             __psmallconst 0800  
                __pcinit 0CDE                  __ramtop 0800                  __ptext0 0802  
   end_of_initialization 0CDE                _PORTDbits 0F83                _TRISDbits 0F95  
    start_initialization 0CDE              __smallconst 0800               _ADCON1bits 0FC1  
              main@i_180 0009                main@i_181 000B                main@i_178 0005  
              main@i_179 0007                 __Hrparam 0000                 __Lrparam 0000  
               isa$xinst 0000  
