

Microchip MPLAB XC8 Assembler V2.45 build 20230818022343 
                                                                                               Sat Mar 23 21:19:39 2024

Microchip MPLAB XC8 C Compiler v2.45 (Free license) build 20230818022343 Og1 
     1                           	processor	18F4550
     2                           	fnconf	rparam,??,?,0
     3                           	pagewidth 120
     4                           	opt	flic
     5                           	psect	cinit,global,reloc=2,class=CODE,delta=1
     6                           	psect	bssCOMRAM,global,class=COMRAM,space=1,delta=1,lowdata,noexec
     7                           	psect	cstackCOMRAM,global,class=COMRAM,space=1,delta=1,lowdata,noexec
     8                           	psect	text0,global,reloc=2,class=CODE,delta=1
     9                           	psect	intcode,global,reloc=2,class=CODE,delta=1
    10                           	psect	intcode_body,global,reloc=2,class=CODE,delta=1
    11                           	psect	smallconst,global,reloc=2,class=SMALLCONST,delta=1,noexec
    12                           	psect	intsave_regs,global,class=BIGRAM,space=1,delta=1,noexec
    13                           	psect	rparam,global,class=COMRAM,space=1,delta=1,noexec
    14                           	psect	temp,global,ovrld,common,class=COMRAM,space=1,delta=1
    15                           	psect	config,global,abs,ovrld,class=CONFIG,space=4,delta=1,noexec
    16   000000                     
    17                           ; Generated 23/03/2023 GMT
    18                           ; 
    19                           ; Copyright © 2023, Microchip Technology Inc. and its subsidiaries ("Microchip")
    20                           ; All rights reserved.
    21                           ; 
    22                           ; This software is developed by Microchip Technology Inc. and its subsidiaries ("Microch
      +                          ip").
    23                           ; 
    24                           ; Redistribution and use in source and binary forms, with or without modification, are
    25                           ; permitted provided that the following conditions are met:
    26                           ; 
    27                           ;     1. Redistributions of source code must retain the above copyright notice, this lis
      +                          t of
    28                           ;        conditions and the following disclaimer.
    29                           ; 
    30                           ;     2. Redistributions in binary form must reproduce the above copyright notice, this 
      +                          list
    31                           ;        of conditions and the following disclaimer in the documentation and/or other
    32                           ;        materials provided with the distribution. Publication is not required when
    33                           ;        this file is used in an embedded application.
    34                           ; 
    35                           ;     3. Microchip's name may not be used to endorse or promote products derived from th
      +                          is
    36                           ;        software without specific prior written permission.
    37                           ; 
    38                           ; THIS SOFTWARE IS PROVIDED BY MICROCHIP "AS IS" AND ANY EXPRESS OR IMPLIED WARRANTIES,
    39                           ; INCLUDING, BUT NOT LIMITED TO, THE IMPLIED WARRANTIES OF MERCHANTABILITY AND FITNESS F
      +                          OR
    40                           ; PURPOSE ARE DISCLAIMED.  IN NO EVENT SHALL MICROCHIP BE LIABLE FOR ANY DIRECT, INDIREC
      +                          T,
    41                           ; INCIDENTAL, SPECIAL, EXEMPLARY, OR CONSEQUENTIAL DAMAGES (INCLUDING BUT NOT LIMITED TO
    42                           ; PROCUREMENT OF SUBSTITUTE GOODS OR SERVICES; LOSS OF USE, DATA OR PROFITS; OR BUSINESS
    43                           ; INTERRUPTION) HOWSOEVER CAUSED AND ON ANY THEORY OF LIABILITY, WHETHER IN CONTRACT, ST
      +                          RICT
    44                           ; LIABILITY, OR TORT (INCLUDING NEGLIGENCE OR OTHERWISE) ARISING IN ANY WAY OUT OF THE U
      +                          SE OF
    45                           ; THIS SOFTWARE, EVEN IF ADVISED OF THE POSSIBILITY OF SUCH DAMAGE.
    46                           ; 
    47                           ; 
    48                           ; Code-generator required, PIC18F4550 Definitions
    49                           ; 
    50                           ; SFR Addresses
    51   000000                     _T0CONbits	set	4053
    52   000000                     _LATBbits	set	3978
    53   000000                     _TRISBbits	set	3987
    54   000000                     _ADCON1bits	set	4033
    55   000000                     _T0CON	set	4053
    56   000000                     _TMR0	set	4054
    57   000000                     _INTCONbits	set	4082
    58                           
    59                           ; #config settings
    60                           
    61                           	psect	cinit
    62   0008C2                     __pcinit:
    63                           	callstack 0
    64   0008C2                     start_initialization:
    65                           	callstack 0
    66   0008C2                     __initialization:
    67                           	callstack 0
    68                           
    69                           ; Clear objects allocated to COMRAM (2 bytes)
    70   0008C2  6A05               	clrf	(__pbssCOMRAM+1)& (0+255),c
    71   0008C4  6A04               	clrf	__pbssCOMRAM& (0+255),c
    72   0008C6                     end_of_initialization:
    73                           	callstack 0
    74   0008C6                     __end_of__initialization:
    75                           	callstack 0
    76   0008C6  9006               	bcf	int$flags,0,c	;clear compiler interrupt flag (level 1)
    77   0008C8  9206               	bcf	int$flags,1,c	;clear compiler interrupt flag (level 2)
    78   0008CA  0100               	movlb	0
    79   0008CC  EF01  F004         	goto	_main	;jump to C main() function
    80                           
    81                           	psect	bssCOMRAM
    82   000004                     __pbssCOMRAM:
    83                           	callstack 0
    84   000004                     _contador:
    85                           	callstack 0
    86   000004                     	ds	2
    87                           
    88                           	psect	cstackCOMRAM
    89   000001                     __pcstackCOMRAM:
    90                           	callstack 0
    91   000001                     ??_INT_TMR0:
    92                           
    93                           ; 1 bytes @ 0x0
    94   000001                     	ds	1
    95   000002                     ??_main:
    96                           
    97                           ; 1 bytes @ 0x1
    98   000002                     	ds	2
    99                           
   100 ;;
   101 ;;Main: autosize = 0, tempsize = 2, incstack = 0, save=0
   102 ;;
   103 ;; *************** function _main *****************
   104 ;; Defined at:
   105 ;;		line 21 in file "timer0_8bits.c"
   106 ;; Parameters:    Size  Location     Type
   107 ;;		None
   108 ;; Auto vars:     Size  Location     Type
   109 ;;		None
   110 ;; Return value:  Size  Location     Type
   111 ;;                  1    wreg      void 
   112 ;; Registers used:
   113 ;;		wreg, status,2, status,0
   114 ;; Tracked objects:
   115 ;;		On entry : 0/0
   116 ;;		On exit  : 0/0
   117 ;;		Unchanged: 0/0
   118 ;; Data sizes:     COMRAM   BANK0   BANK1   BANK2   BANK3   BANK4   BANK5   BANK6   BANK7
   119 ;;      Params:         0       0       0       0       0       0       0       0       0
   120 ;;      Locals:         0       0       0       0       0       0       0       0       0
   121 ;;      Temps:          2       0       0       0       0       0       0       0       0
   122 ;;      Totals:         2       0       0       0       0       0       0       0       0
   123 ;;Total ram usage:        2 bytes
   124 ;; Hardware stack levels required when called: 1
   125 ;; This function calls:
   126 ;;		Nothing
   127 ;; This function is called by:
   128 ;;		Startup code after reset
   129 ;; This function uses a non-reentrant model
   130 ;;
   131                           
   132                           	psect	text0
   133   000802                     __ptext0:
   134                           	callstack 0
   135   000802                     _main:
   136                           	callstack 30
   137   000802                     
   138                           ;timer0_8bits.c: 22:     ADCON1bits.PCFG = 0x0F;
   139   000802  0E0F               	movlw	15
   140   000804  12C1               	iorwf	193,f,c	;volatile
   141   000806                     
   142                           ;timer0_8bits.c: 23:     TRISBbits.RB0 = 0;
   143   000806  9093               	bcf	147,0,c	;volatile
   144   000808                     
   145                           ;timer0_8bits.c: 24:     LATBbits.LB0 = 1;
   146   000808  808A               	bsf	138,0,c	;volatile
   147   00080A                     
   148                           ;timer0_8bits.c: 26:     TRISBbits.RB1 = 0;
   149   00080A  9293               	bcf	147,1,c	;volatile
   150   00080C                     
   151                           ;timer0_8bits.c: 27:     LATBbits.LB1 = 0;
   152   00080C  928A               	bcf	138,1,c	;volatile
   153                           
   154                           ;timer0_8bits.c: 29:     T0CON = 0x47;
   155   00080E  0E47               	movlw	71
   156   000810  6ED5               	movwf	213,c	;volatile
   157   000812                     
   158                           ;timer0_8bits.c: 30:     T0CONbits.TMR0ON = 1;
   159   000812  8ED5               	bsf	213,7,c	;volatile
   160   000814                     
   161                           ;timer0_8bits.c: 31:     INTCONbits.TMR0IE = 1;
   162   000814  8AF2               	bsf	242,5,c	;volatile
   163   000816                     
   164                           ;timer0_8bits.c: 32:     INTCONbits.TMR0IF = 0;
   165   000816  94F2               	bcf	242,2,c	;volatile
   166   000818                     
   167                           ;timer0_8bits.c: 33:     INTCONbits.PEIE = 1;
   168   000818  8CF2               	bsf	242,6,c	;volatile
   169   00081A                     
   170                           ;timer0_8bits.c: 34:     INTCONbits.GIE = 1;
   171   00081A  8EF2               	bsf	242,7,c	;volatile
   172                           
   173                           ;timer0_8bits.c: 35:     TMR0 = 209;
   174   00081C  0E00               	movlw	0
   175   00081E  6ED7               	movwf	215,c	;volatile
   176   000820  0ED1               	movlw	209
   177   000822  6ED6               	movwf	214,c	;volatile
   178   000824                     l729:
   179                           
   180                           ;timer0_8bits.c: 38:         LATBbits.LB1 = !LATBbits.LB1;
   181   000824  A28A               	btfss	138,1,c	;volatile
   182   000826  EF17  F004         	goto	u11
   183   00082A  EF1B  F004         	goto	u10
   184   00082E                     u11:
   185   00082E  6A02               	clrf	??_main^0,c
   186   000830  2A02               	incf	??_main^0,f,c
   187   000832  EF1C  F004         	goto	u28
   188   000836                     u10:
   189   000836  6A02               	clrf	??_main^0,c
   190   000838                     u28:
   191   000838  4602               	rlncf	??_main^0,f,c
   192   00083A  508A               	movf	138,w,c	;volatile
   193   00083C  1802               	xorwf	??_main^0,w,c
   194   00083E  0BFD               	andlw	-3
   195   000840  1802               	xorwf	??_main^0,w,c
   196   000842  6E8A               	movwf	138,c	;volatile
   197   000844                     
   198                           ;timer0_8bits.c: 39:         _delay((unsigned long)((1000)*(48000000/4000.0)));
   199   000844  0E3D               	movlw	61
   200   000846  6E03               	movwf	(??_main+1)^0,c
   201   000848  0EE1               	movlw	225
   202   00084A  6E02               	movwf	??_main^0,c
   203   00084C  0E40               	movlw	64
   204   00084E                     u77:
   205   00084E  2EE8               	decfsz	wreg,f,c
   206   000850  D7FE               	bra	u77
   207   000852  2E02               	decfsz	??_main^0,f,c
   208   000854  D7FC               	bra	u77
   209   000856  2E03               	decfsz	(??_main+1)^0,f,c
   210   000858  D7FA               	bra	u77
   211   00085A  EF12  F004         	goto	l729
   212   00085E  EF07  F000         	goto	start
   213   000862                     __end_of_main:
   214                           	callstack 0
   215                           
   216 ;; *************** function _INT_TMR0 *****************
   217 ;; Defined at:
   218 ;;		line 43 in file "timer0_8bits.c"
   219 ;; Parameters:    Size  Location     Type
   220 ;;		None
   221 ;; Auto vars:     Size  Location     Type
   222 ;;		None
   223 ;; Return value:  Size  Location     Type
   224 ;;                  1    wreg      void 
   225 ;; Registers used:
   226 ;;		wreg, status,2, status,0
   227 ;; Tracked objects:
   228 ;;		On entry : 0/0
   229 ;;		On exit  : 0/0
   230 ;;		Unchanged: 0/0
   231 ;; Data sizes:     COMRAM   BANK0   BANK1   BANK2   BANK3   BANK4   BANK5   BANK6   BANK7
   232 ;;      Params:         0       0       0       0       0       0       0       0       0
   233 ;;      Locals:         0       0       0       0       0       0       0       0       0
   234 ;;      Temps:          1       0       0       0       0       0       0       0       0
   235 ;;      Totals:         1       0       0       0       0       0       0       0       0
   236 ;;Total ram usage:        1 bytes
   237 ;; Hardware stack levels used: 1
   238 ;; This function calls:
   239 ;;		Nothing
   240 ;; This function is called by:
   241 ;;		Interrupt level 2
   242 ;; This function uses a non-reentrant model
   243 ;;
   244                           
   245                           	psect	intcode
   246   000008                     __pintcode:
   247                           	callstack 0
   248   000008                     _INT_TMR0:
   249                           	callstack 30
   250                           
   251                           ;incstack = 0
   252   000008  8206               	bsf	int$flags,1,c	;set compiler interrupt flag (level 2)
   253   00000A  ED31  F004         	call	int_func,f	;refresh shadow registers
   254                           
   255                           	psect	intcode_body
   256   000862                     __pintcode_body:
   257                           	callstack 30
   258   000862                     int_func:
   259                           	callstack 30
   260   000862  0006               	pop		; remove dummy address from shadow register refresh
   261   000864                     
   262                           ;timer0_8bits.c: 44:     if (INTCONbits.TMR0IF == 1) {
   263   000864  A4F2               	btfss	242,2,c	;volatile
   264   000866  EF37  F004         	goto	i2u3_41
   265   00086A  EF39  F004         	goto	i2u3_40
   266   00086E                     i2u3_41:
   267   00086E  EF5F  F004         	goto	i2l33
   268   000872                     i2u3_40:
   269   000872                     
   270                           ;timer0_8bits.c: 45:         contador++;
   271   000872  4A04               	infsnz	_contador^0,f,c
   272   000874  2A05               	incf	(_contador+1)^0,f,c
   273   000876                     
   274                           ;timer0_8bits.c: 46:         if (contador == 1000) {
   275   000876  0EE8               	movlw	232
   276   000878  1804               	xorwf	_contador^0,w,c
   277   00087A  E107               	bnz	i2u4_41
   278   00087C  0E03               	movlw	3
   279   00087E  1805               	xorwf	(_contador+1)^0,w,c
   280   000880  A4D8               	btfss	status,2,c
   281   000882  EF45  F004         	goto	i2u4_41
   282   000886  EF47  F004         	goto	i2u4_40
   283   00088A                     i2u4_41:
   284   00088A  EF5A  F004         	goto	i2l743
   285   00088E                     i2u4_40:
   286   00088E                     
   287                           ;timer0_8bits.c: 47:             LATBbits.LB0 = !LATBbits.LB0;
   288   00088E  A08A               	btfss	138,0,c	;volatile
   289   000890  EF4C  F004         	goto	i2u5_41
   290   000894  EF50  F004         	goto	i2u5_40
   291   000898                     i2u5_41:
   292   000898  6A01               	clrf	??_INT_TMR0^0,c
   293   00089A  2A01               	incf	??_INT_TMR0^0,f,c
   294   00089C  EF51  F004         	goto	i2u6_48
   295   0008A0                     i2u5_40:
   296   0008A0  6A01               	clrf	??_INT_TMR0^0,c
   297   0008A2                     i2u6_48:
   298   0008A2  508A               	movf	138,w,c	;volatile
   299   0008A4  1801               	xorwf	??_INT_TMR0^0,w,c
   300   0008A6  0BFE               	andlw	-2
   301   0008A8  1801               	xorwf	??_INT_TMR0^0,w,c
   302   0008AA  6E8A               	movwf	138,c	;volatile
   303   0008AC                     
   304                           ;timer0_8bits.c: 48:             contador = 0;
   305   0008AC  0E00               	movlw	0
   306   0008AE  6E05               	movwf	(_contador+1)^0,c
   307   0008B0  0E00               	movlw	0
   308   0008B2  6E04               	movwf	_contador^0,c
   309   0008B4                     i2l743:
   310                           
   311                           ;timer0_8bits.c: 50:         TMR0 = 209;
   312   0008B4  0E00               	movlw	0
   313   0008B6  6ED7               	movwf	215,c	;volatile
   314   0008B8  0ED1               	movlw	209
   315   0008BA  6ED6               	movwf	214,c	;volatile
   316   0008BC                     
   317                           ;timer0_8bits.c: 51:         INTCONbits.TMR0IF = 0;
   318   0008BC  94F2               	bcf	242,2,c	;volatile
   319   0008BE                     i2l33:
   320   0008BE  9206               	bcf	int$flags,1,c	;clear compiler interrupt flag (level 2)
   321   0008C0  0011               	retfie		f
   322   0008C2                     __end_of_INT_TMR0:
   323                           	callstack 0
   324                           
   325                           	psect	smallconst
   326   000800                     __psmallconst:
   327                           	callstack 0
   328   000800  00                 	db	0
   329   000801  00                 	db	0	; dummy byte at the end
   330   000000                     
   331                           	psect	rparam
   332   000000                     
   333                           	psect	temp
   334   000006                     btemp:
   335                           	callstack 0
   336   000006                     	ds	1
   337   000000                     int$flags	set	btemp
   338   000000                     wtemp8	set	btemp+1
   339   000000                     ttemp5	set	btemp+1
   340   000000                     ttemp6	set	btemp+4
   341   000000                     ttemp7	set	btemp+8
   342                           
   343                           	psect	config
   344                           
   345                           ;Config register CONFIG1L @ 0x300000
   346                           ;	PLL Prescaler Selection bits
   347                           ;	PLLDIV = 2, Divide by 2 (8 MHz oscillator input)
   348                           ;	System Clock Postscaler Selection bits
   349                           ;	CPUDIV = OSC1_PLL2, [Primary Oscillator Src: /1][96 MHz PLL Src: /2]
   350                           ;	USB Clock Selection bit (used in Full-Speed USB mode only; UCFG:FSEN = 1)
   351                           ;	USBDIV = 2, USB clock source comes from the 96 MHz PLL divided by 2
   352   300000                     	org	3145728
   353   300000  21                 	db	33
   354                           
   355                           ;Config register CONFIG1H @ 0x300001
   356                           ;	Oscillator Selection bits
   357                           ;	FOSC = HSPLL_HS, HS oscillator, PLL enabled (HSPLL)
   358                           ;	Fail-Safe Clock Monitor Enable bit
   359                           ;	FCMEN = OFF, Fail-Safe Clock Monitor disabled
   360                           ;	Internal/External Oscillator Switchover bit
   361                           ;	IESO = OFF, Oscillator Switchover mode disabled
   362   300001                     	org	3145729
   363   300001  0E                 	db	14
   364                           
   365                           ;Config register CONFIG2L @ 0x300002
   366                           ;	Power-up Timer Enable bit
   367                           ;	PWRT = OFF, PWRT disabled
   368                           ;	Brown-out Reset Enable bits
   369                           ;	BOR = OFF, Brown-out Reset disabled in hardware and software
   370                           ;	Brown-out Reset Voltage bits
   371                           ;	BORV = 3, Minimum setting 2.05V
   372                           ;	USB Voltage Regulator Enable bit
   373                           ;	VREGEN = OFF, USB voltage regulator disabled
   374   300002                     	org	3145730
   375   300002  19                 	db	25
   376                           
   377                           ;Config register CONFIG2H @ 0x300003
   378                           ;	Watchdog Timer Enable bit
   379                           ;	WDT = OFF, WDT disabled (control is placed on the SWDTEN bit)
   380                           ;	Watchdog Timer Postscale Select bits
   381                           ;	WDTPS = 32768, 1:32768
   382   300003                     	org	3145731
   383   300003  1E                 	db	30
   384                           
   385                           ; Padding undefined space
   386   300004                     	org	3145732
   387   300004  FF                 	db	255
   388                           
   389                           ;Config register CONFIG3H @ 0x300005
   390                           ;	CCP2 MUX bit
   391                           ;	CCP2MX = ON, CCP2 input/output is multiplexed with RC1
   392                           ;	PORTB A/D Enable bit
   393                           ;	PBADEN = OFF, PORTB<4:0> pins are configured as digital I/O on Reset
   394                           ;	Low-Power Timer 1 Oscillator Enable bit
   395                           ;	LPT1OSC = OFF, Timer1 configured for higher power operation
   396                           ;	MCLR Pin Enable bit
   397                           ;	MCLRE = ON, MCLR pin enabled; RE3 input pin disabled
   398   300005                     	org	3145733
   399   300005  81                 	db	129
   400                           
   401                           ;Config register CONFIG4L @ 0x300006
   402                           ;	Stack Full/Underflow Reset Enable bit
   403                           ;	STVREN = ON, Stack full/underflow will cause Reset
   404                           ;	Single-Supply ICSP Enable bit
   405                           ;	LVP = OFF, Single-Supply ICSP disabled
   406                           ;	Dedicated In-Circuit Debug/Programming Port (ICPORT) Enable bit
   407                           ;	ICPRT = OFF, ICPORT disabled
   408                           ;	Extended Instruction Set Enable bit
   409                           ;	XINST = OFF, Instruction set extension and Indexed Addressing mode disabled (Legacy mo
      +                          de)
   410                           ;	Background Debugger Enable bit
   411                           ;	DEBUG = 0x1, unprogrammed default
   412   300006                     	org	3145734
   413   300006  81                 	db	129
   414                           
   415                           ; Padding undefined space
   416   300007                     	org	3145735
   417   300007  FF                 	db	255
   418                           
   419                           ;Config register CONFIG5L @ 0x300008
   420                           ;	Code Protection bit
   421                           ;	CP0 = OFF, Block 0 (000800-001FFFh) is not code-protected
   422                           ;	Code Protection bit
   423                           ;	CP1 = OFF, Block 1 (002000-003FFFh) is not code-protected
   424                           ;	Code Protection bit
   425                           ;	CP2 = OFF, Block 2 (004000-005FFFh) is not code-protected
   426                           ;	Code Protection bit
   427                           ;	CP3 = OFF, Block 3 (006000-007FFFh) is not code-protected
   428   300008                     	org	3145736
   429   300008  0F                 	db	15
   430                           
   431                           ;Config register CONFIG5H @ 0x300009
   432                           ;	Boot Block Code Protection bit
   433                           ;	CPB = OFF, Boot block (000000-0007FFh) is not code-protected
   434                           ;	Data EEPROM Code Protection bit
   435                           ;	CPD = OFF, Data EEPROM is not code-protected
   436   300009                     	org	3145737
   437   300009  C0                 	db	192
   438                           
   439                           ;Config register CONFIG6L @ 0x30000A
   440                           ;	Write Protection bit
   441                           ;	WRT0 = OFF, Block 0 (000800-001FFFh) is not write-protected
   442                           ;	Write Protection bit
   443                           ;	WRT1 = OFF, Block 1 (002000-003FFFh) is not write-protected
   444                           ;	Write Protection bit
   445                           ;	WRT2 = OFF, Block 2 (004000-005FFFh) is not write-protected
   446                           ;	Write Protection bit
   447                           ;	WRT3 = OFF, Block 3 (006000-007FFFh) is not write-protected
   448   30000A                     	org	3145738
   449   30000A  0F                 	db	15
   450                           
   451                           ;Config register CONFIG6H @ 0x30000B
   452                           ;	Configuration Register Write Protection bit
   453                           ;	WRTC = OFF, Configuration registers (300000-3000FFh) are not write-protected
   454                           ;	Boot Block Write Protection bit
   455                           ;	WRTB = OFF, Boot block (000000-0007FFh) is not write-protected
   456                           ;	Data EEPROM Write Protection bit
   457                           ;	WRTD = OFF, Data EEPROM is not write-protected
   458   30000B                     	org	3145739
   459   30000B  E0                 	db	224
   460                           
   461                           ;Config register CONFIG7L @ 0x30000C
   462                           ;	Table Read Protection bit
   463                           ;	EBTR0 = OFF, Block 0 (000800-001FFFh) is not protected from table reads executed in ot
      +                          her blocks
   464                           ;	Table Read Protection bit
   465                           ;	EBTR1 = OFF, Block 1 (002000-003FFFh) is not protected from table reads executed in ot
      +                          her blocks
   466                           ;	Table Read Protection bit
   467                           ;	EBTR2 = OFF, Block 2 (004000-005FFFh) is not protected from table reads executed in ot
      +                          her blocks
   468                           ;	Table Read Protection bit
   469                           ;	EBTR3 = OFF, Block 3 (006000-007FFFh) is not protected from table reads executed in ot
      +                          her blocks
   470   30000C                     	org	3145740
   471   30000C  0F                 	db	15
   472                           
   473                           ;Config register CONFIG7H @ 0x30000D
   474                           ;	Boot Block Table Read Protection bit
   475                           ;	EBTRB = OFF, Boot block (000000-0007FFh) is not protected from table reads executed in
      +                           other blocks
   476   30000D                     	org	3145741
   477   30000D  40                 	db	64
   478                           tosu	equ	0xFFF
   479                           tosh	equ	0xFFE
   480                           tosl	equ	0xFFD
   481                           stkptr	equ	0xFFC
   482                           pclatu	equ	0xFFB
   483                           pclath	equ	0xFFA
   484                           pcl	equ	0xFF9
   485                           tblptru	equ	0xFF8
   486                           tblptrh	equ	0xFF7
   487                           tblptrl	equ	0xFF6
   488                           tablat	equ	0xFF5
   489                           prodh	equ	0xFF4
   490                           prodl	equ	0xFF3
   491                           indf0	equ	0xFEF
   492                           postinc0	equ	0xFEE
   493                           postdec0	equ	0xFED
   494                           preinc0	equ	0xFEC
   495                           plusw0	equ	0xFEB
   496                           fsr0h	equ	0xFEA
   497                           fsr0l	equ	0xFE9
   498                           wreg	equ	0xFE8
   499                           indf1	equ	0xFE7
   500                           postinc1	equ	0xFE6
   501                           postdec1	equ	0xFE5
   502                           preinc1	equ	0xFE4
   503                           plusw1	equ	0xFE3
   504                           fsr1h	equ	0xFE2
   505                           fsr1l	equ	0xFE1
   506                           bsr	equ	0xFE0
   507                           indf2	equ	0xFDF
   508                           postinc2	equ	0xFDE
   509                           postdec2	equ	0xFDD
   510                           preinc2	equ	0xFDC
   511                           plusw2	equ	0xFDB
   512                           fsr2h	equ	0xFDA
   513                           fsr2l	equ	0xFD9
   514                           status	equ	0xFD8

Data Sizes:
    Strings     0
    Constant    0
    Data        0
    BSS         2
    Persistent  0
    Stack       0

Auto Spaces:
    Space          Size  Autos    Used
    COMRAM           94      3       5
    BANK0           160      0       0
    BANK1           256      0       0
    BANK2           256      0       0
    BANK3           256      0       0
    BANK4           256      0       0
    BANK5           256      0       0
    BANK6           256      0       0
    BANK7           256      0       0

Pointer List with Targets:

    None.

Critical Paths under _main in COMRAM

    None.

Critical Paths under _INT_TMR0 in COMRAM

    None.

Critical Paths under _main in BANK0

    None.

Critical Paths under _INT_TMR0 in BANK0

    None.

Critical Paths under _main in BANK1

    None.

Critical Paths under _INT_TMR0 in BANK1

    None.

Critical Paths under _main in BANK2

    None.

Critical Paths under _INT_TMR0 in BANK2

    None.

Critical Paths under _main in BANK3

    None.

Critical Paths under _INT_TMR0 in BANK3

    None.

Critical Paths under _main in BANK4

    None.

Critical Paths under _INT_TMR0 in BANK4

    None.

Critical Paths under _main in BANK5

    None.

Critical Paths under _INT_TMR0 in BANK5

    None.

Critical Paths under _main in BANK6

    None.

Critical Paths under _INT_TMR0 in BANK6

    None.

Critical Paths under _main in BANK7

    None.

Critical Paths under _INT_TMR0 in BANK7

    None.

Call Graph Tables:

 ---------------------------------------------------------------------------------
 (Depth) Function   	        Calls       Base Space   Used Autos Params    Refs
 ---------------------------------------------------------------------------------
 (0) _main                                                 2     2      0       0
                                              1 COMRAM     2     2      0
 ---------------------------------------------------------------------------------
 Estimated maximum stack depth 0
 ---------------------------------------------------------------------------------
 (Depth) Function   	        Calls       Base Space   Used Autos Params    Refs
 ---------------------------------------------------------------------------------
 (1) _INT_TMR0                                             1     1      0       0
                                              0 COMRAM     1     1      0
 ---------------------------------------------------------------------------------
 Estimated maximum stack depth 1
 ---------------------------------------------------------------------------------

 Call Graph Graphs:

 _main (ROOT)

 _INT_TMR0 (ROOT)

 Address spaces:
Name               Size   Autos  Total    Cost      Usage
BIGRAM             7FF      0       0      27        0.0%
EEDATA             100      0       0       0        0.0%
BITBANK7           100      0       0      19        0.0%
BANK7              100      0       0      20        0.0%
BITBANK6           100      0       0      17        0.0%
BANK6              100      0       0      18        0.0%
BITBANK5           100      0       0      15        0.0%
BANK5              100      0       0      16        0.0%
BITBANK4           100      0       0      13        0.0%
BANK4              100      0       0      14        0.0%
BITBANK3           100      0       0      11        0.0%
BANK3              100      0       0      12        0.0%
BITBANK2           100      0       0       9        0.0%
BANK2              100      0       0      10        0.0%
BITBANK1           100      0       0       7        0.0%
BANK1              100      0       0       8        0.0%
BITBANK0            A0      0       0       5        0.0%
BANK0               A0      0       0       6        0.0%
BITCOMRAM           5E      0       0       0        0.0%
COMRAM              5E      3       5       1        5.3%
BITBIGSFRlh         2D      0       0      24        0.0%
BITBIGSFRlll        2A      0       0      26        0.0%
BITBIGSFRhhl        1A      0       0      22        0.0%
BITBIGSFRhl         13      0       0      23        0.0%
BITBIGSFRhhh         D      0       0      21        0.0%
BITBIGSFRllh         8      0       0      25        0.0%
BIGSFR               0      0       0     200        0.0%
BITSFR               0      0       0     200        0.0%
SFR                  0      0       0     200        0.0%
STACK                0      0       0       2        0.0%
NULL                 0      0       0       0        0.0%
ABS                  0      0       5       3        0.0%
DATA                 0      0       5       4        0.0%
CODE                 0      0       0       0        0.0%


Microchip Technology PIC18 Macro Assembler V2.45 build 20230818022343 
Symbol Table                                                                                   Sat Mar 23 21:19:39 2024

                     u10 0836                       u11 082E                       u28 0838  
                     u77 084E                      l711 0806                      l721 0814  
                    l713 0808                      l731 0844                      l723 0816  
                    l715 080A                      l725 0818                      l717 080C  
                    l709 0802                      l727 081A                      l719 0812  
                    l729 0824                      wreg 0FE8                     i2l33 08BE  
                   _TMR0 0FD6                     _main 0802                     btemp 0006  
                   start 000E             ___param_bank 0000                    ?_main 0001  
                  _T0CON 0FD5         __end_of_INT_TMR0 08C2                    i2l741 08AC  
                  i2l733 0864                    i2l743 08B4                    i2l735 0872  
                  i2l745 08BC                    i2l737 0876                    i2l739 088E  
                  ttemp5 0007                    ttemp6 000A                    ttemp7 000E  
                  status 0FD8                    wtemp8 0007          __initialization 08C2  
           __end_of_main 0862                   ??_main 0002            __activetblptr 0000  
                 i2u3_40 0872                   i2u3_41 086E                   i2u4_40 088E  
                 i2u4_41 088A                   i2u5_40 08A0                   i2u5_41 0898  
                 i2u6_48 08A2                   isa$std 0001             __mediumconst 0000  
             __accesstop 0060  __end_of__initialization 08C6            ___rparam_used 0001  
              ?_INT_TMR0 0001           __pcstackCOMRAM 0001               ??_INT_TMR0 0001  
                __Hparam 0000                  __Lparam 0000             __psmallconst 0800  
                __pcinit 08C2                  __ramtop 0800                  __ptext0 0802  
              _T0CONbits 0FD5           __pintcode_body 0862     end_of_initialization 08C6  
                int_func 0862                _TRISBbits 0F93      start_initialization 08C2  
            __pbssCOMRAM 0004                __pintcode 0008              __smallconst 0800  
               _LATBbits 0F8A                 _INT_TMR0 0008               _ADCON1bits 0FC1  
               __Hrparam 0000                 __Lrparam 0000                 _contador 0004  
               isa$xinst 0000                 int$flags 0006               _INTCONbits 0FF2  
               intlevel2 0000  
